{"C:\\Users\\Алёна\\Documents\\VS code\\Проект сайт поиска фильмов\\project\\api.js": {"path":"C:\\Users\\Алёна\\Documents\\VS code\\Проект сайт поиска фильмов\\project\\api.js","statementMap":{"0":{"start":{"line":5,"column":19},"end":{"line":8,"column":1}},"1":{"start":{"line":10,"column":23},"end":{"line":10,"column":25}},"2":{"start":{"line":11,"column":18},"end":{"line":11,"column":19}},"3":{"start":{"line":12,"column":25},"end":{"line":12,"column":26}},"4":{"start":{"line":20,"column":19},"end":{"line":26,"column":4}},"5":{"start":{"line":28,"column":2},"end":{"line":30,"column":3}},"6":{"start":{"line":29,"column":4},"end":{"line":29,"column":71}},"7":{"start":{"line":32,"column":2},"end":{"line":32,"column":25}},"8":{"start":{"line":37,"column":2},"end":{"line":37,"column":25}},"9":{"start":{"line":37,"column":18},"end":{"line":37,"column":25}},"10":{"start":{"line":38,"column":2},"end":{"line":38,"column":72}},"11":{"start":{"line":43,"column":2},"end":{"line":43,"column":25}},"12":{"start":{"line":43,"column":18},"end":{"line":43,"column":25}},"13":{"start":{"line":44,"column":2},"end":{"line":44,"column":70}},"14":{"start":{"line":49,"column":2},"end":{"line":49,"column":23}},"15":{"start":{"line":49,"column":13},"end":{"line":49,"column":23}},"16":{"start":{"line":50,"column":14},"end":{"line":50,"column":43}},"17":{"start":{"line":51,"column":2},"end":{"line":51,"column":25}},"18":{"start":{"line":52,"column":2},"end":{"line":52,"column":23}},"19":{"start":{"line":57,"column":17},"end":{"line":57,"column":28}},"20":{"start":{"line":58,"column":2},"end":{"line":60,"column":3}},"21":{"start":{"line":59,"column":4},"end":{"line":59,"column":13}},"22":{"start":{"line":61,"column":2},"end":{"line":61,"column":28}},"23":{"start":{"line":66,"column":2},"end":{"line":66,"column":53}},"24":{"start":{"line":66,"column":41},"end":{"line":66,"column":53}},"25":{"start":{"line":68,"column":16},"end":{"line":68,"column":44}},"26":{"start":{"line":69,"column":20},"end":{"line":69,"column":44}},"27":{"start":{"line":70,"column":2},"end":{"line":72,"column":3}},"28":{"start":{"line":71,"column":4},"end":{"line":71,"column":46}},"29":{"start":{"line":73,"column":2},"end":{"line":73,"column":25}},"30":{"start":{"line":81,"column":15},"end":{"line":84,"column":3}},"31":{"start":{"line":85,"column":2},"end":{"line":85,"column":33}},"32":{"start":{"line":89,"column":14},"end":{"line":89,"column":41}},"33":{"start":{"line":91,"column":2},"end":{"line":105,"column":3}},"34":{"start":{"line":92,"column":17},"end":{"line":92,"column":38}},"35":{"start":{"line":93,"column":18},"end":{"line":93,"column":48}},"36":{"start":{"line":96,"column":4},"end":{"line":99,"column":5}},"37":{"start":{"line":97,"column":23},"end":{"line":97,"column":79}},"38":{"start":{"line":98,"column":6},"end":{"line":98,"column":42}},"39":{"start":{"line":101,"column":4},"end":{"line":101,"column":35}},"40":{"start":{"line":103,"column":4},"end":{"line":103,"column":54}},"41":{"start":{"line":104,"column":4},"end":{"line":104,"column":14}},"42":{"start":{"line":109,"column":2},"end":{"line":109,"column":47}},"43":{"start":{"line":109,"column":37},"end":{"line":109,"column":47}},"44":{"start":{"line":111,"column":14},"end":{"line":111,"column":111}},"45":{"start":{"line":113,"column":2},"end":{"line":119,"column":3}},"46":{"start":{"line":114,"column":17},"end":{"line":114,"column":38}},"47":{"start":{"line":115,"column":4},"end":{"line":115,"column":28}},"48":{"start":{"line":117,"column":4},"end":{"line":117,"column":43}},"49":{"start":{"line":118,"column":4},"end":{"line":118,"column":14}},"50":{"start":{"line":123,"column":2},"end":{"line":127,"column":3}},"51":{"start":{"line":124,"column":4},"end":{"line":124,"column":61}},"52":{"start":{"line":124,"column":34},"end":{"line":124,"column":59}},"53":{"start":{"line":125,"column":9},"end":{"line":127,"column":3}},"54":{"start":{"line":126,"column":4},"end":{"line":126,"column":61}},"55":{"start":{"line":126,"column":34},"end":{"line":126,"column":59}},"56":{"start":{"line":128,"column":2},"end":{"line":128,"column":15}},"57":{"start":{"line":136,"column":15},"end":{"line":136,"column":44}},"58":{"start":{"line":137,"column":2},"end":{"line":137,"column":32}},"59":{"start":{"line":139,"column":17},"end":{"line":139,"column":37}},"60":{"start":{"line":140,"column":21},"end":{"line":140,"column":61}},"61":{"start":{"line":141,"column":22},"end":{"line":141,"column":70}},"62":{"start":{"line":144,"column":4},"end":{"line":144,"column":76}},"63":{"start":{"line":146,"column":4},"end":{"line":146,"column":77}},"64":{"start":{"line":148,"column":2},"end":{"line":156,"column":4}},"65":{"start":{"line":158,"column":2},"end":{"line":165,"column":5}},"66":{"start":{"line":159,"column":19},"end":{"line":159,"column":50}},"67":{"start":{"line":160,"column":4},"end":{"line":164,"column":5}},"68":{"start":{"line":161,"column":6},"end":{"line":161,"column":62}},"69":{"start":{"line":163,"column":6},"end":{"line":163,"column":60}},"70":{"start":{"line":167,"column":2},"end":{"line":167,"column":14}},"71":{"start":{"line":175,"column":20},"end":{"line":175,"column":61}},"72":{"start":{"line":176,"column":2},"end":{"line":176,"column":25}},"73":{"start":{"line":176,"column":18},"end":{"line":176,"column":25}},"74":{"start":{"line":178,"column":2},"end":{"line":181,"column":4}},"75":{"start":{"line":183,"column":16},"end":{"line":183,"column":38}},"76":{"start":{"line":185,"column":2},"end":{"line":193,"column":3}},"77":{"start":{"line":186,"column":4},"end":{"line":191,"column":6}},"78":{"start":{"line":192,"column":4},"end":{"line":192,"column":11}},"79":{"start":{"line":195,"column":2},"end":{"line":195,"column":27}},"80":{"start":{"line":196,"column":2},"end":{"line":198,"column":5}},"81":{"start":{"line":197,"column":4},"end":{"line":197,"column":49}},"82":{"start":{"line":206,"column":19},"end":{"line":206,"column":51}},"83":{"start":{"line":207,"column":2},"end":{"line":207,"column":24}},"84":{"start":{"line":207,"column":17},"end":{"line":207,"column":24}},"85":{"start":{"line":209,"column":16},"end":{"line":209,"column":69}},"86":{"start":{"line":211,"column":2},"end":{"line":214,"column":3}},"87":{"start":{"line":212,"column":4},"end":{"line":212,"column":36}},"88":{"start":{"line":213,"column":4},"end":{"line":213,"column":11}},"89":{"start":{"line":216,"column":2},"end":{"line":216,"column":34}},"90":{"start":{"line":217,"column":2},"end":{"line":217,"column":26}},"91":{"start":{"line":219,"column":2},"end":{"line":230,"column":3}},"92":{"start":{"line":219,"column":15},"end":{"line":219,"column":16}},"93":{"start":{"line":220,"column":16},"end":{"line":220,"column":46}},"94":{"start":{"line":221,"column":4},"end":{"line":221,"column":22}},"95":{"start":{"line":222,"column":4},"end":{"line":222,"column":55}},"96":{"start":{"line":222,"column":27},"end":{"line":222,"column":55}},"97":{"start":{"line":224,"column":4},"end":{"line":227,"column":7}},"98":{"start":{"line":225,"column":6},"end":{"line":225,"column":22}},"99":{"start":{"line":226,"column":6},"end":{"line":226,"column":24}},"100":{"start":{"line":229,"column":4},"end":{"line":229,"column":30}},"101":{"start":{"line":234,"column":20},"end":{"line":234,"column":58}},"102":{"start":{"line":235,"column":2},"end":{"line":235,"column":25}},"103":{"start":{"line":235,"column":18},"end":{"line":235,"column":25}},"104":{"start":{"line":237,"column":16},"end":{"line":237,"column":52}},"105":{"start":{"line":238,"column":14},"end":{"line":238,"column":38}},"106":{"start":{"line":239,"column":22},"end":{"line":239,"column":56}},"107":{"start":{"line":241,"column":2},"end":{"line":241,"column":27}},"108":{"start":{"line":242,"column":2},"end":{"line":244,"column":5}},"109":{"start":{"line":243,"column":4},"end":{"line":243,"column":49}},"110":{"start":{"line":246,"column":2},"end":{"line":246,"column":28}},"111":{"start":{"line":254,"column":20},"end":{"line":254,"column":58}},"112":{"start":{"line":255,"column":2},"end":{"line":255,"column":25}},"113":{"start":{"line":255,"column":18},"end":{"line":255,"column":25}},"114":{"start":{"line":257,"column":2},"end":{"line":260,"column":3}},"115":{"start":{"line":258,"column":4},"end":{"line":258,"column":53}},"116":{"start":{"line":259,"column":4},"end":{"line":259,"column":11}},"117":{"start":{"line":262,"column":2},"end":{"line":262,"column":48}},"118":{"start":{"line":264,"column":21},"end":{"line":264,"column":47}},"119":{"start":{"line":265,"column":26},"end":{"line":265,"column":62}},"120":{"start":{"line":267,"column":2},"end":{"line":272,"column":3}},"121":{"start":{"line":268,"column":4},"end":{"line":268,"column":113}},"122":{"start":{"line":269,"column":21},"end":{"line":269,"column":53}},"123":{"start":{"line":270,"column":4},"end":{"line":270,"column":50}},"124":{"start":{"line":270,"column":18},"end":{"line":270,"column":50}},"125":{"start":{"line":271,"column":4},"end":{"line":271,"column":11}},"126":{"start":{"line":274,"column":2},"end":{"line":274,"column":37}},"127":{"start":{"line":275,"column":2},"end":{"line":275,"column":18}},"128":{"start":{"line":276,"column":2},"end":{"line":276,"column":20}},"129":{"start":{"line":280,"column":22},"end":{"line":280,"column":61}},"130":{"start":{"line":281,"column":2},"end":{"line":281,"column":27}},"131":{"start":{"line":281,"column":20},"end":{"line":281,"column":27}},"132":{"start":{"line":283,"column":2},"end":{"line":283,"column":39}},"133":{"start":{"line":285,"column":21},"end":{"line":285,"column":47}},"134":{"start":{"line":286,"column":26},"end":{"line":286,"column":56}},"135":{"start":{"line":288,"column":2},"end":{"line":292,"column":3}},"136":{"start":{"line":289,"column":4},"end":{"line":290,"column":72}},"137":{"start":{"line":291,"column":4},"end":{"line":291,"column":11}},"138":{"start":{"line":294,"column":2},"end":{"line":294,"column":29}},"139":{"start":{"line":295,"column":2},"end":{"line":297,"column":5}},"140":{"start":{"line":296,"column":4},"end":{"line":296,"column":51}},"141":{"start":{"line":301,"column":22},"end":{"line":301,"column":61}},"142":{"start":{"line":302,"column":20},"end":{"line":302,"column":57}},"143":{"start":{"line":304,"column":2},"end":{"line":304,"column":41}},"144":{"start":{"line":304,"column":34},"end":{"line":304,"column":41}},"145":{"start":{"line":306,"column":31},"end":{"line":322,"column":3}},"146":{"start":{"line":307,"column":18},"end":{"line":307,"column":42}},"147":{"start":{"line":308,"column":4},"end":{"line":308,"column":23}},"148":{"start":{"line":308,"column":16},"end":{"line":308,"column":23}},"149":{"start":{"line":310,"column":24},"end":{"line":310,"column":48}},"150":{"start":{"line":311,"column":20},"end":{"line":311,"column":57}},"151":{"start":{"line":313,"column":4},"end":{"line":319,"column":5}},"152":{"start":{"line":314,"column":6},"end":{"line":314,"column":41}},"153":{"start":{"line":315,"column":11},"end":{"line":319,"column":5}},"154":{"start":{"line":316,"column":6},"end":{"line":316,"column":48}},"155":{"start":{"line":317,"column":11},"end":{"line":319,"column":5}},"156":{"start":{"line":318,"column":6},"end":{"line":318,"column":50}},"157":{"start":{"line":321,"column":4},"end":{"line":321,"column":78}},"158":{"start":{"line":324,"column":2},"end":{"line":324,"column":60}},"159":{"start":{"line":325,"column":2},"end":{"line":327,"column":5}},"160":{"start":{"line":326,"column":4},"end":{"line":326,"column":50}},"161":{"start":{"line":326,"column":27},"end":{"line":326,"column":50}},"162":{"start":{"line":335,"column":2},"end":{"line":335,"column":42}},"163":{"start":{"line":335,"column":28},"end":{"line":335,"column":42}},"164":{"start":{"line":336,"column":18},"end":{"line":336,"column":32}},"165":{"start":{"line":337,"column":2},"end":{"line":337,"column":68}},"166":{"start":{"line":337,"column":34},"end":{"line":337,"column":66}},"167":{"start":{"line":341,"column":2},"end":{"line":341,"column":44}},"168":{"start":{"line":341,"column":30},"end":{"line":341,"column":44}},"169":{"start":{"line":342,"column":2},"end":{"line":344,"column":4}},"170":{"start":{"line":343,"column":4},"end":{"line":343,"column":76}},"171":{"start":{"line":343,"column":30},"end":{"line":343,"column":75}},"172":{"start":{"line":348,"column":2},"end":{"line":348,"column":48}},"173":{"start":{"line":348,"column":34},"end":{"line":348,"column":48}},"174":{"start":{"line":349,"column":2},"end":{"line":353,"column":4}},"175":{"start":{"line":350,"column":4},"end":{"line":352,"column":5}},"176":{"start":{"line":351,"column":6},"end":{"line":351,"column":61}},"177":{"start":{"line":357,"column":2},"end":{"line":357,"column":52}},"178":{"start":{"line":357,"column":38},"end":{"line":357,"column":52}},"179":{"start":{"line":358,"column":2},"end":{"line":358,"column":78}},"180":{"start":{"line":358,"column":34},"end":{"line":358,"column":76}},"181":{"start":{"line":362,"column":15},"end":{"line":362,"column":59}},"182":{"start":{"line":363,"column":16},"end":{"line":363,"column":61}},"183":{"start":{"line":364,"column":18},"end":{"line":364,"column":65}},"184":{"start":{"line":365,"column":17},"end":{"line":365,"column":63}},"185":{"start":{"line":368,"column":2},"end":{"line":371,"column":3}},"186":{"start":{"line":369,"column":4},"end":{"line":369,"column":49}},"187":{"start":{"line":370,"column":4},"end":{"line":370,"column":11}},"188":{"start":{"line":373,"column":17},"end":{"line":373,"column":43}},"189":{"start":{"line":374,"column":2},"end":{"line":374,"column":42}},"190":{"start":{"line":375,"column":2},"end":{"line":375,"column":44}},"191":{"start":{"line":376,"column":2},"end":{"line":376,"column":48}},"192":{"start":{"line":377,"column":2},"end":{"line":377,"column":46}},"193":{"start":{"line":379,"column":2},"end":{"line":386,"column":3}},"194":{"start":{"line":380,"column":22},"end":{"line":380,"column":60}},"195":{"start":{"line":381,"column":4},"end":{"line":384,"column":5}},"196":{"start":{"line":382,"column":6},"end":{"line":383,"column":83}},"197":{"start":{"line":385,"column":4},"end":{"line":385,"column":11}},"198":{"start":{"line":388,"column":2},"end":{"line":388,"column":30}},"199":{"start":{"line":389,"column":2},"end":{"line":389,"column":18}},"200":{"start":{"line":390,"column":2},"end":{"line":390,"column":20}},"201":{"start":{"line":392,"column":2},"end":{"line":392,"column":53}},"202":{"start":{"line":396,"column":18},"end":{"line":401,"column":3}},"203":{"start":{"line":402,"column":2},"end":{"line":407,"column":5}},"204":{"start":{"line":403,"column":20},"end":{"line":403,"column":53}},"205":{"start":{"line":404,"column":4},"end":{"line":406,"column":5}},"206":{"start":{"line":405,"column":6},"end":{"line":405,"column":55}},"207":{"start":{"line":415,"column":20},"end":{"line":415,"column":58}},"208":{"start":{"line":416,"column":2},"end":{"line":416,"column":25}},"209":{"start":{"line":416,"column":18},"end":{"line":416,"column":25}},"210":{"start":{"line":418,"column":2},"end":{"line":418,"column":40}},"211":{"start":{"line":420,"column":14},"end":{"line":420,"column":36}},"212":{"start":{"line":422,"column":2},"end":{"line":425,"column":3}},"213":{"start":{"line":423,"column":4},"end":{"line":423,"column":44}},"214":{"start":{"line":424,"column":4},"end":{"line":424,"column":11}},"215":{"start":{"line":428,"column":2},"end":{"line":428,"column":37}},"216":{"start":{"line":431,"column":2},"end":{"line":434,"column":3}},"217":{"start":{"line":431,"column":15},"end":{"line":431,"column":31}},"218":{"start":{"line":432,"column":14},"end":{"line":432,"column":49}},"219":{"start":{"line":433,"column":4},"end":{"line":433,"column":48}},"220":{"start":{"line":437,"column":2},"end":{"line":439,"column":4}},"221":{"start":{"line":438,"column":14},"end":{"line":438,"column":71}},"222":{"start":{"line":441,"column":2},"end":{"line":441,"column":40}},"223":{"start":{"line":442,"column":2},"end":{"line":442,"column":18}},"224":{"start":{"line":443,"column":2},"end":{"line":443,"column":20}},"225":{"start":{"line":452,"column":4},"end":{"line":452,"column":76}},"226":{"start":{"line":455,"column":22},"end":{"line":455,"column":66}},"227":{"start":{"line":456,"column":23},"end":{"line":456,"column":60}},"228":{"start":{"line":457,"column":2},"end":{"line":457,"column":61}},"229":{"start":{"line":457,"column":19},"end":{"line":457,"column":61}},"230":{"start":{"line":458,"column":2},"end":{"line":458,"column":63}},"231":{"start":{"line":458,"column":20},"end":{"line":458,"column":63}},"232":{"start":{"line":462,"column":4},"end":{"line":462,"column":67}},"233":{"start":{"line":463,"column":22},"end":{"line":463,"column":64}},"234":{"start":{"line":464,"column":22},"end":{"line":464,"column":59}},"235":{"start":{"line":465,"column":21},"end":{"line":465,"column":77}},"236":{"start":{"line":467,"column":20},"end":{"line":467,"column":65}},"237":{"start":{"line":468,"column":2},"end":{"line":471,"column":3}},"238":{"start":{"line":469,"column":4},"end":{"line":469,"column":49}},"239":{"start":{"line":470,"column":4},"end":{"line":470,"column":58}},"240":{"start":{"line":470,"column":21},"end":{"line":470,"column":58}},"241":{"start":{"line":475,"column":4},"end":{"line":475,"column":77}},"242":{"start":{"line":476,"column":20},"end":{"line":476,"column":62}},"243":{"start":{"line":477,"column":2},"end":{"line":480,"column":3}},"244":{"start":{"line":478,"column":4},"end":{"line":478,"column":30}},"245":{"start":{"line":479,"column":4},"end":{"line":479,"column":38}},"246":{"start":{"line":483,"column":21},"end":{"line":483,"column":74}},"247":{"start":{"line":484,"column":2},"end":{"line":486,"column":3}},"248":{"start":{"line":485,"column":4},"end":{"line":485,"column":70}},"249":{"start":{"line":485,"column":50},"end":{"line":485,"column":57}},"250":{"start":{"line":489,"column":22},"end":{"line":489,"column":76}},"251":{"start":{"line":490,"column":2},"end":{"line":492,"column":3}},"252":{"start":{"line":491,"column":4},"end":{"line":491,"column":76}},"253":{"start":{"line":491,"column":54},"end":{"line":491,"column":63}},"254":{"start":{"line":495,"column":22},"end":{"line":495,"column":76}},"255":{"start":{"line":496,"column":2},"end":{"line":498,"column":3}},"256":{"start":{"line":497,"column":4},"end":{"line":497,"column":47}},"257":{"start":{"line":501,"column":18},"end":{"line":501,"column":72}},"258":{"start":{"line":502,"column":2},"end":{"line":505,"column":3}},"259":{"start":{"line":503,"column":14},"end":{"line":503,"column":53}},"260":{"start":{"line":504,"column":4},"end":{"line":504,"column":34}},"261":{"start":{"line":509,"column":2},"end":{"line":542,"column":3}},"262":{"start":{"line":510,"column":21},"end":{"line":510,"column":71}},"263":{"start":{"line":511,"column":18},"end":{"line":511,"column":44}},"264":{"start":{"line":514,"column":23},"end":{"line":514,"column":77}},"265":{"start":{"line":515,"column":4},"end":{"line":524,"column":5}},"266":{"start":{"line":516,"column":21},"end":{"line":518,"column":20}},"267":{"start":{"line":517,"column":28},"end":{"line":517,"column":60}},"268":{"start":{"line":519,"column":6},"end":{"line":523,"column":7}},"269":{"start":{"line":520,"column":8},"end":{"line":522,"column":22}},"270":{"start":{"line":521,"column":22},"end":{"line":521,"column":42}},"271":{"start":{"line":527,"column":26},"end":{"line":529,"column":5}},"272":{"start":{"line":530,"column":4},"end":{"line":539,"column":5}},"273":{"start":{"line":531,"column":24},"end":{"line":533,"column":7}},"274":{"start":{"line":532,"column":20},"end":{"line":532,"column":55}},"275":{"start":{"line":534,"column":6},"end":{"line":538,"column":7}},"276":{"start":{"line":535,"column":8},"end":{"line":537,"column":22}},"277":{"start":{"line":536,"column":22},"end":{"line":536,"column":42}},"278":{"start":{"line":541,"column":4},"end":{"line":541,"column":66}},"279":{"start":{"line":546,"column":23},"end":{"line":546,"column":55}},"280":{"start":{"line":547,"column":2},"end":{"line":547,"column":28}},"281":{"start":{"line":547,"column":21},"end":{"line":547,"column":28}},"282":{"start":{"line":549,"column":19},"end":{"line":549,"column":23}},"283":{"start":{"line":550,"column":2},"end":{"line":554,"column":3}},"284":{"start":{"line":551,"column":4},"end":{"line":551,"column":45}},"285":{"start":{"line":552,"column":9},"end":{"line":554,"column":3}},"286":{"start":{"line":553,"column":4},"end":{"line":553,"column":33}},"287":{"start":{"line":556,"column":2},"end":{"line":575,"column":3}},"288":{"start":{"line":557,"column":19},"end":{"line":557,"column":29}},"289":{"start":{"line":558,"column":4},"end":{"line":564,"column":5}},"290":{"start":{"line":559,"column":22},"end":{"line":559,"column":61}},"291":{"start":{"line":560,"column":6},"end":{"line":560,"column":60}},"292":{"start":{"line":561,"column":11},"end":{"line":564,"column":5}},"293":{"start":{"line":562,"column":22},"end":{"line":562,"column":68}},"294":{"start":{"line":563,"column":6},"end":{"line":563,"column":60}},"295":{"start":{"line":566,"column":4},"end":{"line":569,"column":6}},"296":{"start":{"line":571,"column":4},"end":{"line":574,"column":6}},"297":{"start":{"line":579,"column":24},"end":{"line":579,"column":57}},"298":{"start":{"line":580,"column":22},"end":{"line":580,"column":68}},"299":{"start":{"line":582,"column":2},"end":{"line":582,"column":27}},"300":{"start":{"line":582,"column":20},"end":{"line":582,"column":27}},"301":{"start":{"line":584,"column":2},"end":{"line":617,"column":3}},"302":{"start":{"line":585,"column":22},"end":{"line":585,"column":92}},"303":{"start":{"line":586,"column":23},"end":{"line":586,"column":50}},"304":{"start":{"line":588,"column":4},"end":{"line":612,"column":5}},"305":{"start":{"line":589,"column":6},"end":{"line":589,"column":63}},"306":{"start":{"line":589,"column":25},"end":{"line":589,"column":63}},"307":{"start":{"line":591,"column":6},"end":{"line":591,"column":33}},"308":{"start":{"line":592,"column":6},"end":{"line":597,"column":9}},"309":{"start":{"line":593,"column":21},"end":{"line":593,"column":50}},"310":{"start":{"line":594,"column":8},"end":{"line":594,"column":46}},"311":{"start":{"line":595,"column":8},"end":{"line":595,"column":130}},"312":{"start":{"line":596,"column":8},"end":{"line":596,"column":38}},"313":{"start":{"line":600,"column":22},"end":{"line":600,"column":64}},"314":{"start":{"line":601,"column":22},"end":{"line":601,"column":64}},"315":{"start":{"line":602,"column":6},"end":{"line":602,"column":50}},"316":{"start":{"line":602,"column":19},"end":{"line":602,"column":50}},"317":{"start":{"line":603,"column":6},"end":{"line":603,"column":50}},"318":{"start":{"line":603,"column":19},"end":{"line":603,"column":50}},"319":{"start":{"line":605,"column":6},"end":{"line":605,"column":63}},"320":{"start":{"line":605,"column":25},"end":{"line":605,"column":63}},"321":{"start":{"line":606,"column":6},"end":{"line":607,"column":76}},"322":{"start":{"line":608,"column":22},"end":{"line":608,"column":64}},"323":{"start":{"line":609,"column":22},"end":{"line":609,"column":64}},"324":{"start":{"line":610,"column":6},"end":{"line":610,"column":50}},"325":{"start":{"line":610,"column":19},"end":{"line":610,"column":50}},"326":{"start":{"line":611,"column":6},"end":{"line":611,"column":50}},"327":{"start":{"line":611,"column":19},"end":{"line":611,"column":50}},"328":{"start":{"line":614,"column":4},"end":{"line":614,"column":52}},"329":{"start":{"line":615,"column":4},"end":{"line":616,"column":70}},"330":{"start":{"line":621,"column":26},"end":{"line":621,"column":69}},"331":{"start":{"line":622,"column":2},"end":{"line":622,"column":31}},"332":{"start":{"line":622,"column":24},"end":{"line":622,"column":31}},"333":{"start":{"line":624,"column":2},"end":{"line":683,"column":3}},"334":{"start":{"line":625,"column":23},"end":{"line":625,"column":83}},"335":{"start":{"line":626,"column":24},"end":{"line":626,"column":52}},"336":{"start":{"line":627,"column":20},"end":{"line":627,"column":56}},"337":{"start":{"line":629,"column":4},"end":{"line":637,"column":5}},"338":{"start":{"line":630,"column":6},"end":{"line":635,"column":8}},"339":{"start":{"line":636,"column":6},"end":{"line":636,"column":13}},"340":{"start":{"line":639,"column":4},"end":{"line":639,"column":35}},"341":{"start":{"line":640,"column":4},"end":{"line":674,"column":7}},"342":{"start":{"line":641,"column":25},"end":{"line":641,"column":54}},"343":{"start":{"line":642,"column":6},"end":{"line":642,"column":43}},"344":{"start":{"line":644,"column":25},"end":{"line":644,"column":66}},"345":{"start":{"line":646,"column":8},"end":{"line":646,"column":66}},"346":{"start":{"line":647,"column":24},"end":{"line":647,"column":48}},"347":{"start":{"line":649,"column":25},"end":{"line":649,"column":36}},"348":{"start":{"line":650,"column":24},"end":{"line":650,"column":25}},"349":{"start":{"line":651,"column":6},"end":{"line":653,"column":58}},"350":{"start":{"line":651,"column":37},"end":{"line":651,"column":54}},"351":{"start":{"line":652,"column":11},"end":{"line":653,"column":58}},"352":{"start":{"line":652,"column":41},"end":{"line":652,"column":57}},"353":{"start":{"line":653,"column":11},"end":{"line":653,"column":58}},"354":{"start":{"line":653,"column":42},"end":{"line":653,"column":58}},"355":{"start":{"line":655,"column":22},"end":{"line":655,"column":45}},"356":{"start":{"line":656,"column":6},"end":{"line":659,"column":7}},"357":{"start":{"line":656,"column":19},"end":{"line":656,"column":20}},"358":{"start":{"line":657,"column":26},"end":{"line":657,"column":73}},"359":{"start":{"line":658,"column":8},"end":{"line":658,"column":130}},"360":{"start":{"line":660,"column":6},"end":{"line":660,"column":28}},"361":{"start":{"line":662,"column":24},"end":{"line":662,"column":26}},"362":{"start":{"line":663,"column":6},"end":{"line":663,"column":69}},"363":{"start":{"line":663,"column":37},"end":{"line":663,"column":69}},"364":{"start":{"line":664,"column":6},"end":{"line":664,"column":69}},"365":{"start":{"line":664,"column":37},"end":{"line":664,"column":69}},"366":{"start":{"line":665,"column":6},"end":{"line":665,"column":67}},"367":{"start":{"line":665,"column":36},"end":{"line":665,"column":67}},"368":{"start":{"line":667,"column":6},"end":{"line":671,"column":8}},"369":{"start":{"line":673,"column":6},"end":{"line":673,"column":46}},"370":{"start":{"line":676,"column":4},"end":{"line":676,"column":53}},"371":{"start":{"line":677,"column":4},"end":{"line":682,"column":6}},"372":{"start":{"line":687,"column":16},"end":{"line":687,"column":62}},"373":{"start":{"line":688,"column":18},"end":{"line":688,"column":60}},"374":{"start":{"line":689,"column":18},"end":{"line":689,"column":60}},"375":{"start":{"line":691,"column":2},"end":{"line":699,"column":3}},"376":{"start":{"line":692,"column":25},"end":{"line":692,"column":28}},"377":{"start":{"line":693,"column":4},"end":{"line":695,"column":6}},"378":{"start":{"line":694,"column":6},"end":{"line":694,"column":65}},"379":{"start":{"line":696,"column":4},"end":{"line":698,"column":6}},"380":{"start":{"line":697,"column":6},"end":{"line":697,"column":64}},"381":{"start":{"line":703,"column":20},"end":{"line":703,"column":63}},"382":{"start":{"line":704,"column":17},"end":{"line":704,"column":36}},"383":{"start":{"line":706,"column":2},"end":{"line":710,"column":3}},"384":{"start":{"line":707,"column":25},"end":{"line":707,"column":69}},"385":{"start":{"line":708,"column":4},"end":{"line":708,"column":62}},"386":{"start":{"line":708,"column":22},"end":{"line":708,"column":62}},"387":{"start":{"line":709,"column":4},"end":{"line":709,"column":11}},"388":{"start":{"line":712,"column":2},"end":{"line":727,"column":3}},"389":{"start":{"line":713,"column":20},"end":{"line":713,"column":65}},"390":{"start":{"line":714,"column":17},"end":{"line":714,"column":42}},"391":{"start":{"line":715,"column":4},"end":{"line":715,"column":41}},"392":{"start":{"line":717,"column":4},"end":{"line":717,"column":37}},"393":{"start":{"line":718,"column":4},"end":{"line":718,"column":28}},"394":{"start":{"line":719,"column":4},"end":{"line":719,"column":22}},"395":{"start":{"line":720,"column":4},"end":{"line":720,"column":33}},"396":{"start":{"line":721,"column":4},"end":{"line":721,"column":30}},"397":{"start":{"line":722,"column":4},"end":{"line":722,"column":24}},"398":{"start":{"line":724,"column":4},"end":{"line":724,"column":52}},"399":{"start":{"line":725,"column":25},"end":{"line":725,"column":62}},"400":{"start":{"line":726,"column":4},"end":{"line":726,"column":72}},"401":{"start":{"line":726,"column":22},"end":{"line":726,"column":72}},"402":{"start":{"line":735,"column":20},"end":{"line":735,"column":63}},"403":{"start":{"line":736,"column":22},"end":{"line":736,"column":45}},"404":{"start":{"line":738,"column":2},"end":{"line":738,"column":33}},"405":{"start":{"line":738,"column":20},"end":{"line":738,"column":33}},"406":{"start":{"line":740,"column":22},"end":{"line":740,"column":46}},"407":{"start":{"line":741,"column":19},"end":{"line":741,"column":26}},"408":{"start":{"line":742,"column":18},"end":{"line":742,"column":55}},"409":{"start":{"line":744,"column":2},"end":{"line":748,"column":3}},"410":{"start":{"line":745,"column":4},"end":{"line":745,"column":24}},"411":{"start":{"line":746,"column":9},"end":{"line":748,"column":3}},"412":{"start":{"line":747,"column":4},"end":{"line":747,"column":26}},"413":{"start":{"line":752,"column":4},"end":{"line":752,"column":72}},"414":{"start":{"line":753,"column":2},"end":{"line":753,"column":35}},"415":{"start":{"line":753,"column":10},"end":{"line":753,"column":35}},"416":{"start":{"line":756,"column":2},"end":{"line":756,"column":41}},"417":{"start":{"line":757,"column":2},"end":{"line":757,"column":50}},"418":{"start":{"line":759,"column":2},"end":{"line":759,"column":14}},"419":{"start":{"line":766,"column":20},"end":{"line":766,"column":44}},"420":{"start":{"line":767,"column":20},"end":{"line":767,"column":54}},"421":{"start":{"line":768,"column":21},"end":{"line":768,"column":56}},"422":{"start":{"line":769,"column":18},"end":{"line":769,"column":36}},"423":{"start":{"line":771,"column":0},"end":{"line":790,"column":1}},"424":{"start":{"line":773,"column":2},"end":{"line":773,"column":17}},"425":{"start":{"line":774,"column":2},"end":{"line":774,"column":16}},"426":{"start":{"line":777,"column":2},"end":{"line":785,"column":3}},"427":{"start":{"line":778,"column":4},"end":{"line":784,"column":5}},"428":{"start":{"line":779,"column":6},"end":{"line":779,"column":33}},"429":{"start":{"line":780,"column":6},"end":{"line":780,"column":48}},"430":{"start":{"line":782,"column":6},"end":{"line":782,"column":31}},"431":{"start":{"line":783,"column":6},"end":{"line":783,"column":46}},"432":{"start":{"line":788,"column":2},"end":{"line":788,"column":16}},"433":{"start":{"line":789,"column":2},"end":{"line":789,"column":15}},"434":{"start":{"line":796,"column":0},"end":{"line":822,"column":1}},"435":{"start":{"line":797,"column":2},"end":{"line":821,"column":4}}},"fnMap":{"0":{"name":"apiRequest","decl":{"start":{"line":19,"column":15},"end":{"line":19,"column":25}},"loc":{"start":{"line":19,"column":31},"end":{"line":33,"column":1}},"line":19},"1":{"name":"showLoading","decl":{"start":{"line":36,"column":9},"end":{"line":36,"column":20}},"loc":{"start":{"line":36,"column":57},"end":{"line":39,"column":1}},"line":36},"2":{"name":"showError","decl":{"start":{"line":42,"column":9},"end":{"line":42,"column":18}},"loc":{"start":{"line":42,"column":59},"end":{"line":45,"column":1}},"line":42},"3":{"name":"escapeHtml","decl":{"start":{"line":48,"column":9},"end":{"line":48,"column":19}},"loc":{"start":{"line":48,"column":26},"end":{"line":53,"column":1}},"line":48},"4":{"name":"getRatingValue","decl":{"start":{"line":56,"column":9},"end":{"line":56,"column":23}},"loc":{"start":{"line":56,"column":30},"end":{"line":62,"column":1}},"line":56},"5":{"name":"truncateText","decl":{"start":{"line":65,"column":9},"end":{"line":65,"column":21}},"loc":{"start":{"line":65,"column":45},"end":{"line":74,"column":1}},"line":65},"6":{"name":"buildContentUrl","decl":{"start":{"line":80,"column":9},"end":{"line":80,"column":24}},"loc":{"start":{"line":80,"column":37},"end":{"line":86,"column":1}},"line":80},"7":{"name":"getContent","decl":{"start":{"line":88,"column":15},"end":{"line":88,"column":25}},"loc":{"start":{"line":88,"column":64},"end":{"line":106,"column":1}},"line":88},"8":{"name":"searchContent","decl":{"start":{"line":108,"column":15},"end":{"line":108,"column":28}},"loc":{"start":{"line":108,"column":36},"end":{"line":120,"column":1}},"line":108},"9":{"name":"filterByType","decl":{"start":{"line":122,"column":9},"end":{"line":122,"column":21}},"loc":{"start":{"line":122,"column":35},"end":{"line":129,"column":1}},"line":122},"10":{"name":"(anonymous_10)","decl":{"start":{"line":124,"column":24},"end":{"line":124,"column":25}},"loc":{"start":{"line":124,"column":34},"end":{"line":124,"column":59}},"line":124},"11":{"name":"(anonymous_11)","decl":{"start":{"line":126,"column":24},"end":{"line":126,"column":25}},"loc":{"start":{"line":126,"column":34},"end":{"line":126,"column":59}},"line":126},"12":{"name":"createMovieCard","decl":{"start":{"line":135,"column":9},"end":{"line":135,"column":24}},"loc":{"start":{"line":135,"column":31},"end":{"line":168,"column":1}},"line":135},"13":{"name":"(anonymous_13)","decl":{"start":{"line":158,"column":33},"end":{"line":158,"column":34}},"loc":{"start":{"line":158,"column":39},"end":{"line":165,"column":3}},"line":158},"14":{"name":"loadMovies","decl":{"start":{"line":174,"column":15},"end":{"line":174,"column":25}},"loc":{"start":{"line":174,"column":72},"end":{"line":199,"column":1}},"line":174},"15":{"name":"(anonymous_15)","decl":{"start":{"line":196,"column":32},"end":{"line":196,"column":33}},"loc":{"start":{"line":196,"column":42},"end":{"line":198,"column":3}},"line":196},"16":{"name":"updatePaginationDisplay","decl":{"start":{"line":205,"column":9},"end":{"line":205,"column":32}},"loc":{"start":{"line":205,"column":35},"end":{"line":231,"column":1}},"line":205},"17":{"name":"(anonymous_17)","decl":{"start":{"line":224,"column":34},"end":{"line":224,"column":35}},"loc":{"start":{"line":224,"column":40},"end":{"line":227,"column":5}},"line":224},"18":{"name":"showCurrentPage","decl":{"start":{"line":233,"column":9},"end":{"line":233,"column":24}},"loc":{"start":{"line":233,"column":27},"end":{"line":247,"column":1}},"line":233},"19":{"name":"(anonymous_19)","decl":{"start":{"line":242,"column":22},"end":{"line":242,"column":23}},"loc":{"start":{"line":242,"column":32},"end":{"line":244,"column":3}},"line":242},"20":{"name":"performSearch","decl":{"start":{"line":253,"column":15},"end":{"line":253,"column":28}},"loc":{"start":{"line":253,"column":58},"end":{"line":277,"column":1}},"line":253},"21":{"name":"reloadSliderWithSearch","decl":{"start":{"line":279,"column":15},"end":{"line":279,"column":37}},"loc":{"start":{"line":279,"column":60},"end":{"line":298,"column":1}},"line":279},"22":{"name":"(anonymous_22)","decl":{"start":{"line":295,"column":39},"end":{"line":295,"column":40}},"loc":{"start":{"line":295,"column":49},"end":{"line":297,"column":3}},"line":295},"23":{"name":"setupSearch","decl":{"start":{"line":300,"column":9},"end":{"line":300,"column":20}},"loc":{"start":{"line":300,"column":23},"end":{"line":328,"column":1}},"line":300},"24":{"name":"(anonymous_24)","decl":{"start":{"line":306,"column":31},"end":{"line":306,"column":32}},"loc":{"start":{"line":306,"column":37},"end":{"line":322,"column":3}},"line":306},"25":{"name":"(anonymous_25)","decl":{"start":{"line":325,"column":43},"end":{"line":325,"column":44}},"loc":{"start":{"line":325,"column":50},"end":{"line":327,"column":3}},"line":325},"26":{"name":"filterByYear","decl":{"start":{"line":334,"column":9},"end":{"line":334,"column":21}},"loc":{"start":{"line":334,"column":36},"end":{"line":338,"column":1}},"line":334},"27":{"name":"(anonymous_27)","decl":{"start":{"line":337,"column":23},"end":{"line":337,"column":24}},"loc":{"start":{"line":337,"column":34},"end":{"line":337,"column":66}},"line":337},"28":{"name":"filterByGenre","decl":{"start":{"line":340,"column":9},"end":{"line":340,"column":22}},"loc":{"start":{"line":340,"column":38},"end":{"line":345,"column":1}},"line":340},"29":{"name":"(anonymous_29)","decl":{"start":{"line":342,"column":23},"end":{"line":342,"column":24}},"loc":{"start":{"line":343,"column":4},"end":{"line":343,"column":76}},"line":343},"30":{"name":"(anonymous_30)","decl":{"start":{"line":343,"column":23},"end":{"line":343,"column":24}},"loc":{"start":{"line":343,"column":30},"end":{"line":343,"column":75}},"line":343},"31":{"name":"filterByCountry","decl":{"start":{"line":347,"column":9},"end":{"line":347,"column":24}},"loc":{"start":{"line":347,"column":42},"end":{"line":354,"column":1}},"line":347},"32":{"name":"(anonymous_32)","decl":{"start":{"line":349,"column":23},"end":{"line":349,"column":24}},"loc":{"start":{"line":350,"column":4},"end":{"line":352,"column":5}},"line":350},"33":{"name":"(anonymous_33)","decl":{"start":{"line":350,"column":26},"end":{"line":350,"column":27}},"loc":{"start":{"line":351,"column":6},"end":{"line":351,"column":61}},"line":351},"34":{"name":"filterByRating","decl":{"start":{"line":356,"column":9},"end":{"line":356,"column":23}},"loc":{"start":{"line":356,"column":43},"end":{"line":359,"column":1}},"line":356},"35":{"name":"(anonymous_35)","decl":{"start":{"line":358,"column":23},"end":{"line":358,"column":24}},"loc":{"start":{"line":358,"column":34},"end":{"line":358,"column":76}},"line":358},"36":{"name":"applyFilters","decl":{"start":{"line":361,"column":9},"end":{"line":361,"column":21}},"loc":{"start":{"line":361,"column":24},"end":{"line":393,"column":1}},"line":361},"37":{"name":"autoFilter","decl":{"start":{"line":395,"column":9},"end":{"line":395,"column":19}},"loc":{"start":{"line":395,"column":22},"end":{"line":408,"column":1}},"line":395},"38":{"name":"(anonymous_38)","decl":{"start":{"line":402,"column":18},"end":{"line":402,"column":19}},"loc":{"start":{"line":402,"column":32},"end":{"line":407,"column":3}},"line":402},"39":{"name":"loadRandomMovies","decl":{"start":{"line":414,"column":15},"end":{"line":414,"column":31}},"loc":{"start":{"line":414,"column":47},"end":{"line":444,"column":1}},"line":414},"40":{"name":"(anonymous_40)","decl":{"start":{"line":438,"column":4},"end":{"line":438,"column":5}},"loc":{"start":{"line":438,"column":14},"end":{"line":438,"column":71}},"line":438},"41":{"name":"loadFilmInfo","decl":{"start":{"line":450,"column":15},"end":{"line":450,"column":27}},"loc":{"start":{"line":450,"column":42},"end":{"line":506,"column":1}},"line":450},"42":{"name":"(anonymous_42)","decl":{"start":{"line":485,"column":43},"end":{"line":485,"column":44}},"loc":{"start":{"line":485,"column":50},"end":{"line":485,"column":57}},"line":485},"43":{"name":"(anonymous_43)","decl":{"start":{"line":491,"column":47},"end":{"line":491,"column":48}},"loc":{"start":{"line":491,"column":54},"end":{"line":491,"column":63}},"line":491},"44":{"name":"loadStaff","decl":{"start":{"line":508,"column":15},"end":{"line":508,"column":24}},"loc":{"start":{"line":508,"column":33},"end":{"line":543,"column":1}},"line":508},"45":{"name":"(anonymous_45)","decl":{"start":{"line":517,"column":16},"end":{"line":517,"column":17}},"loc":{"start":{"line":517,"column":28},"end":{"line":517,"column":60}},"line":517},"46":{"name":"(anonymous_46)","decl":{"start":{"line":521,"column":15},"end":{"line":521,"column":16}},"loc":{"start":{"line":521,"column":22},"end":{"line":521,"column":42}},"line":521},"47":{"name":"(anonymous_47)","decl":{"start":{"line":532,"column":8},"end":{"line":532,"column":9}},"loc":{"start":{"line":532,"column":20},"end":{"line":532,"column":55}},"line":532},"48":{"name":"(anonymous_48)","decl":{"start":{"line":536,"column":15},"end":{"line":536,"column":16}},"loc":{"start":{"line":536,"column":22},"end":{"line":536,"column":42}},"line":536},"49":{"name":"loadTrailer","decl":{"start":{"line":545,"column":9},"end":{"line":545,"column":20}},"loc":{"start":{"line":545,"column":27},"end":{"line":576,"column":1}},"line":545},"50":{"name":"loadFilmImages","decl":{"start":{"line":578,"column":15},"end":{"line":578,"column":29}},"loc":{"start":{"line":578,"column":38},"end":{"line":618,"column":1}},"line":578},"51":{"name":"(anonymous_51)","decl":{"start":{"line":592,"column":44},"end":{"line":592,"column":45}},"loc":{"start":{"line":592,"column":55},"end":{"line":597,"column":7}},"line":592},"52":{"name":"loadReviews","decl":{"start":{"line":620,"column":15},"end":{"line":620,"column":26}},"loc":{"start":{"line":620,"column":35},"end":{"line":684,"column":1}},"line":620},"53":{"name":"(anonymous_53)","decl":{"start":{"line":640,"column":20},"end":{"line":640,"column":21}},"loc":{"start":{"line":640,"column":32},"end":{"line":674,"column":5}},"line":640},"54":{"name":"setupPhotosSlider","decl":{"start":{"line":686,"column":9},"end":{"line":686,"column":26}},"loc":{"start":{"line":686,"column":29},"end":{"line":700,"column":1}},"line":686},"55":{"name":"(anonymous_55)","decl":{"start":{"line":693,"column":38},"end":{"line":693,"column":39}},"loc":{"start":{"line":694,"column":6},"end":{"line":694,"column":65}},"line":694},"56":{"name":"(anonymous_56)","decl":{"start":{"line":696,"column":38},"end":{"line":696,"column":39}},"loc":{"start":{"line":697,"column":6},"end":{"line":697,"column":64}},"line":697},"57":{"name":"loadFilmPage","decl":{"start":{"line":702,"column":15},"end":{"line":702,"column":27}},"loc":{"start":{"line":702,"column":30},"end":{"line":728,"column":1}},"line":702},"58":{"name":"checkSearchParam","decl":{"start":{"line":734,"column":9},"end":{"line":734,"column":25}},"loc":{"start":{"line":734,"column":28},"end":{"line":760,"column":1}},"line":734}},"branchMap":{"0":{"loc":{"start":{"line":28,"column":2},"end":{"line":30,"column":3}},"type":"if","locations":[{"start":{"line":28,"column":2},"end":{"line":30,"column":3}},{"start":{},"end":{}}],"line":28},"1":{"loc":{"start":{"line":36,"column":32},"end":{"line":36,"column":55}},"type":"default-arg","locations":[{"start":{"line":36,"column":42},"end":{"line":36,"column":55}}],"line":36},"2":{"loc":{"start":{"line":37,"column":2},"end":{"line":37,"column":25}},"type":"if","locations":[{"start":{"line":37,"column":2},"end":{"line":37,"column":25}},{"start":{},"end":{}}],"line":37},"3":{"loc":{"start":{"line":42,"column":30},"end":{"line":42,"column":57}},"type":"default-arg","locations":[{"start":{"line":42,"column":40},"end":{"line":42,"column":57}}],"line":42},"4":{"loc":{"start":{"line":43,"column":2},"end":{"line":43,"column":25}},"type":"if","locations":[{"start":{"line":43,"column":2},"end":{"line":43,"column":25}},{"start":{},"end":{}}],"line":43},"5":{"loc":{"start":{"line":49,"column":2},"end":{"line":49,"column":23}},"type":"if","locations":[{"start":{"line":49,"column":2},"end":{"line":49,"column":23}},{"start":{},"end":{}}],"line":49},"6":{"loc":{"start":{"line":58,"column":2},"end":{"line":60,"column":3}},"type":"if","locations":[{"start":{"line":58,"column":2},"end":{"line":60,"column":3}},{"start":{},"end":{}}],"line":58},"7":{"loc":{"start":{"line":58,"column":6},"end":{"line":58,"column":74}},"type":"binary-expr","locations":[{"start":{"line":58,"column":6},"end":{"line":58,"column":26}},{"start":{"line":58,"column":30},"end":{"line":58,"column":45}},{"start":{"line":58,"column":49},"end":{"line":58,"column":74}}],"line":58},"8":{"loc":{"start":{"line":65,"column":28},"end":{"line":65,"column":43}},"type":"default-arg","locations":[{"start":{"line":65,"column":40},"end":{"line":65,"column":43}}],"line":65},"9":{"loc":{"start":{"line":66,"column":2},"end":{"line":66,"column":53}},"type":"if","locations":[{"start":{"line":66,"column":2},"end":{"line":66,"column":53}},{"start":{},"end":{}}],"line":66},"10":{"loc":{"start":{"line":66,"column":6},"end":{"line":66,"column":39}},"type":"binary-expr","locations":[{"start":{"line":66,"column":6},"end":{"line":66,"column":11}},{"start":{"line":66,"column":15},"end":{"line":66,"column":39}}],"line":66},"11":{"loc":{"start":{"line":70,"column":2},"end":{"line":72,"column":3}},"type":"if","locations":[{"start":{"line":70,"column":2},"end":{"line":72,"column":3}},{"start":{},"end":{}}],"line":70},"12":{"loc":{"start":{"line":85,"column":9},"end":{"line":85,"column":32}},"type":"binary-expr","locations":[{"start":{"line":85,"column":9},"end":{"line":85,"column":19}},{"start":{"line":85,"column":23},"end":{"line":85,"column":32}}],"line":85},"13":{"loc":{"start":{"line":88,"column":26},"end":{"line":88,"column":39}},"type":"default-arg","locations":[{"start":{"line":88,"column":33},"end":{"line":88,"column":39}}],"line":88},"14":{"loc":{"start":{"line":88,"column":41},"end":{"line":88,"column":49}},"type":"default-arg","locations":[{"start":{"line":88,"column":48},"end":{"line":88,"column":49}}],"line":88},"15":{"loc":{"start":{"line":88,"column":51},"end":{"line":88,"column":62}},"type":"default-arg","locations":[{"start":{"line":88,"column":59},"end":{"line":88,"column":62}}],"line":88},"16":{"loc":{"start":{"line":93,"column":18},"end":{"line":93,"column":48}},"type":"binary-expr","locations":[{"start":{"line":93,"column":18},"end":{"line":93,"column":28}},{"start":{"line":93,"column":32},"end":{"line":93,"column":42}},{"start":{"line":93,"column":46},"end":{"line":93,"column":48}}],"line":93},"17":{"loc":{"start":{"line":96,"column":4},"end":{"line":99,"column":5}},"type":"if","locations":[{"start":{"line":96,"column":4},"end":{"line":99,"column":5}},{"start":{},"end":{}}],"line":96},"18":{"loc":{"start":{"line":96,"column":8},"end":{"line":96,"column":42}},"type":"binary-expr","locations":[{"start":{"line":96,"column":8},"end":{"line":96,"column":30}},{"start":{"line":96,"column":34},"end":{"line":96,"column":42}}],"line":96},"19":{"loc":{"start":{"line":109,"column":2},"end":{"line":109,"column":47}},"type":"if","locations":[{"start":{"line":109,"column":2},"end":{"line":109,"column":47}},{"start":{},"end":{}}],"line":109},"20":{"loc":{"start":{"line":109,"column":6},"end":{"line":109,"column":35}},"type":"binary-expr","locations":[{"start":{"line":109,"column":6},"end":{"line":109,"column":12}},{"start":{"line":109,"column":16},"end":{"line":109,"column":35}}],"line":109},"21":{"loc":{"start":{"line":115,"column":11},"end":{"line":115,"column":27}},"type":"binary-expr","locations":[{"start":{"line":115,"column":11},"end":{"line":115,"column":21}},{"start":{"line":115,"column":25},"end":{"line":115,"column":27}}],"line":115},"22":{"loc":{"start":{"line":123,"column":2},"end":{"line":127,"column":3}},"type":"if","locations":[{"start":{"line":123,"column":2},"end":{"line":127,"column":3}},{"start":{"line":125,"column":9},"end":{"line":127,"column":3}}],"line":123},"23":{"loc":{"start":{"line":125,"column":9},"end":{"line":127,"column":3}},"type":"if","locations":[{"start":{"line":125,"column":9},"end":{"line":127,"column":3}},{"start":{},"end":{}}],"line":125},"24":{"loc":{"start":{"line":140,"column":21},"end":{"line":140,"column":61}},"type":"cond-expr","locations":[{"start":{"line":140,"column":36},"end":{"line":140,"column":41}},{"start":{"line":140,"column":44},"end":{"line":140,"column":61}}],"line":140},"25":{"loc":{"start":{"line":141,"column":22},"end":{"line":141,"column":70}},"type":"cond-expr","locations":[{"start":{"line":141,"column":53},"end":{"line":141,"column":65}},{"start":{"line":141,"column":68},"end":{"line":141,"column":70}}],"line":141},"26":{"loc":{"start":{"line":141,"column":22},"end":{"line":141,"column":50}},"type":"binary-expr","locations":[{"start":{"line":141,"column":22},"end":{"line":141,"column":34}},{"start":{"line":141,"column":38},"end":{"line":141,"column":50}}],"line":141},"27":{"loc":{"start":{"line":144,"column":4},"end":{"line":144,"column":76}},"type":"binary-expr","locations":[{"start":{"line":144,"column":4},"end":{"line":144,"column":15}},{"start":{"line":144,"column":19},"end":{"line":144,"column":30}},{"start":{"line":144,"column":34},"end":{"line":144,"column":51}},{"start":{"line":144,"column":55},"end":{"line":144,"column":76}}],"line":144},"28":{"loc":{"start":{"line":146,"column":4},"end":{"line":146,"column":77}},"type":"binary-expr","locations":[{"start":{"line":146,"column":4},"end":{"line":146,"column":25}},{"start":{"line":146,"column":29},"end":{"line":146,"column":43}},{"start":{"line":146,"column":47},"end":{"line":146,"column":77}}],"line":146},"29":{"loc":{"start":{"line":159,"column":19},"end":{"line":159,"column":50}},"type":"binary-expr","locations":[{"start":{"line":159,"column":19},"end":{"line":159,"column":35}},{"start":{"line":159,"column":39},"end":{"line":159,"column":50}}],"line":159},"30":{"loc":{"start":{"line":160,"column":4},"end":{"line":164,"column":5}},"type":"if","locations":[{"start":{"line":160,"column":4},"end":{"line":164,"column":5}},{"start":{"line":162,"column":11},"end":{"line":164,"column":5}}],"line":160},"31":{"loc":{"start":{"line":174,"column":45},"end":{"line":174,"column":58}},"type":"default-arg","locations":[{"start":{"line":174,"column":52},"end":{"line":174,"column":58}}],"line":174},"32":{"loc":{"start":{"line":174,"column":60},"end":{"line":174,"column":70}},"type":"default-arg","locations":[{"start":{"line":174,"column":68},"end":{"line":174,"column":70}}],"line":174},"33":{"loc":{"start":{"line":176,"column":2},"end":{"line":176,"column":25}},"type":"if","locations":[{"start":{"line":176,"column":2},"end":{"line":176,"column":25}},{"start":{},"end":{}}],"line":176},"34":{"loc":{"start":{"line":180,"column":4},"end":{"line":180,"column":70}},"type":"cond-expr","locations":[{"start":{"line":180,"column":24},"end":{"line":180,"column":46}},{"start":{"line":180,"column":49},"end":{"line":180,"column":70}}],"line":180},"35":{"loc":{"start":{"line":185,"column":2},"end":{"line":193,"column":3}},"type":"if","locations":[{"start":{"line":185,"column":2},"end":{"line":193,"column":3}},{"start":{},"end":{}}],"line":185},"36":{"loc":{"start":{"line":185,"column":6},"end":{"line":185,"column":34}},"type":"binary-expr","locations":[{"start":{"line":185,"column":6},"end":{"line":185,"column":12}},{"start":{"line":185,"column":16},"end":{"line":185,"column":34}}],"line":185},"37":{"loc":{"start":{"line":188,"column":6},"end":{"line":190,"column":39}},"type":"cond-expr","locations":[{"start":{"line":189,"column":10},"end":{"line":189,"column":40}},{"start":{"line":190,"column":10},"end":{"line":190,"column":39}}],"line":188},"38":{"loc":{"start":{"line":207,"column":2},"end":{"line":207,"column":24}},"type":"if","locations":[{"start":{"line":207,"column":2},"end":{"line":207,"column":24}},{"start":{},"end":{}}],"line":207},"39":{"loc":{"start":{"line":211,"column":2},"end":{"line":214,"column":3}},"type":"if","locations":[{"start":{"line":211,"column":2},"end":{"line":214,"column":3}},{"start":{},"end":{}}],"line":211},"40":{"loc":{"start":{"line":222,"column":4},"end":{"line":222,"column":55}},"type":"if","locations":[{"start":{"line":222,"column":4},"end":{"line":222,"column":55}},{"start":{},"end":{}}],"line":222},"41":{"loc":{"start":{"line":235,"column":2},"end":{"line":235,"column":25}},"type":"if","locations":[{"start":{"line":235,"column":2},"end":{"line":235,"column":25}},{"start":{},"end":{}}],"line":235},"42":{"loc":{"start":{"line":253,"column":36},"end":{"line":253,"column":56}},"type":"default-arg","locations":[{"start":{"line":253,"column":49},"end":{"line":253,"column":56}}],"line":253},"43":{"loc":{"start":{"line":255,"column":2},"end":{"line":255,"column":25}},"type":"if","locations":[{"start":{"line":255,"column":2},"end":{"line":255,"column":25}},{"start":{},"end":{}}],"line":255},"44":{"loc":{"start":{"line":257,"column":2},"end":{"line":260,"column":3}},"type":"if","locations":[{"start":{"line":257,"column":2},"end":{"line":260,"column":3}},{"start":{},"end":{}}],"line":257},"45":{"loc":{"start":{"line":257,"column":6},"end":{"line":257,"column":35}},"type":"binary-expr","locations":[{"start":{"line":257,"column":6},"end":{"line":257,"column":12}},{"start":{"line":257,"column":16},"end":{"line":257,"column":35}}],"line":257},"46":{"loc":{"start":{"line":267,"column":2},"end":{"line":272,"column":3}},"type":"if","locations":[{"start":{"line":267,"column":2},"end":{"line":272,"column":3}},{"start":{},"end":{}}],"line":267},"47":{"loc":{"start":{"line":270,"column":4},"end":{"line":270,"column":50}},"type":"if","locations":[{"start":{"line":270,"column":4},"end":{"line":270,"column":50}},{"start":{},"end":{}}],"line":270},"48":{"loc":{"start":{"line":279,"column":45},"end":{"line":279,"column":58}},"type":"default-arg","locations":[{"start":{"line":279,"column":52},"end":{"line":279,"column":58}}],"line":279},"49":{"loc":{"start":{"line":281,"column":2},"end":{"line":281,"column":27}},"type":"if","locations":[{"start":{"line":281,"column":2},"end":{"line":281,"column":27}},{"start":{},"end":{}}],"line":281},"50":{"loc":{"start":{"line":288,"column":2},"end":{"line":292,"column":3}},"type":"if","locations":[{"start":{"line":288,"column":2},"end":{"line":292,"column":3}},{"start":{},"end":{}}],"line":288},"51":{"loc":{"start":{"line":304,"column":2},"end":{"line":304,"column":41}},"type":"if","locations":[{"start":{"line":304,"column":2},"end":{"line":304,"column":41}},{"start":{},"end":{}}],"line":304},"52":{"loc":{"start":{"line":304,"column":6},"end":{"line":304,"column":32}},"type":"binary-expr","locations":[{"start":{"line":304,"column":6},"end":{"line":304,"column":16}},{"start":{"line":304,"column":20},"end":{"line":304,"column":32}}],"line":304},"53":{"loc":{"start":{"line":308,"column":4},"end":{"line":308,"column":23}},"type":"if","locations":[{"start":{"line":308,"column":4},"end":{"line":308,"column":23}},{"start":{},"end":{}}],"line":308},"54":{"loc":{"start":{"line":313,"column":4},"end":{"line":319,"column":5}},"type":"if","locations":[{"start":{"line":313,"column":4},"end":{"line":319,"column":5}},{"start":{"line":315,"column":11},"end":{"line":319,"column":5}}],"line":313},"55":{"loc":{"start":{"line":315,"column":11},"end":{"line":319,"column":5}},"type":"if","locations":[{"start":{"line":315,"column":11},"end":{"line":319,"column":5}},{"start":{"line":317,"column":11},"end":{"line":319,"column":5}}],"line":315},"56":{"loc":{"start":{"line":317,"column":11},"end":{"line":319,"column":5}},"type":"if","locations":[{"start":{"line":317,"column":11},"end":{"line":319,"column":5}},{"start":{},"end":{}}],"line":317},"57":{"loc":{"start":{"line":326,"column":4},"end":{"line":326,"column":50}},"type":"if","locations":[{"start":{"line":326,"column":4},"end":{"line":326,"column":50}},{"start":{},"end":{}}],"line":326},"58":{"loc":{"start":{"line":335,"column":2},"end":{"line":335,"column":42}},"type":"if","locations":[{"start":{"line":335,"column":2},"end":{"line":335,"column":42}},{"start":{},"end":{}}],"line":335},"59":{"loc":{"start":{"line":335,"column":6},"end":{"line":335,"column":26}},"type":"binary-expr","locations":[{"start":{"line":335,"column":6},"end":{"line":335,"column":11}},{"start":{"line":335,"column":15},"end":{"line":335,"column":26}}],"line":335},"60":{"loc":{"start":{"line":341,"column":2},"end":{"line":341,"column":44}},"type":"if","locations":[{"start":{"line":341,"column":2},"end":{"line":341,"column":44}},{"start":{},"end":{}}],"line":341},"61":{"loc":{"start":{"line":341,"column":6},"end":{"line":341,"column":28}},"type":"binary-expr","locations":[{"start":{"line":341,"column":6},"end":{"line":341,"column":12}},{"start":{"line":341,"column":16},"end":{"line":341,"column":28}}],"line":341},"62":{"loc":{"start":{"line":348,"column":2},"end":{"line":348,"column":48}},"type":"if","locations":[{"start":{"line":348,"column":2},"end":{"line":348,"column":48}},{"start":{},"end":{}}],"line":348},"63":{"loc":{"start":{"line":348,"column":6},"end":{"line":348,"column":32}},"type":"binary-expr","locations":[{"start":{"line":348,"column":6},"end":{"line":348,"column":14}},{"start":{"line":348,"column":18},"end":{"line":348,"column":32}}],"line":348},"64":{"loc":{"start":{"line":357,"column":2},"end":{"line":357,"column":52}},"type":"if","locations":[{"start":{"line":357,"column":2},"end":{"line":357,"column":52}},{"start":{},"end":{}}],"line":357},"65":{"loc":{"start":{"line":357,"column":6},"end":{"line":357,"column":36}},"type":"binary-expr","locations":[{"start":{"line":357,"column":6},"end":{"line":357,"column":16}},{"start":{"line":357,"column":20},"end":{"line":357,"column":36}}],"line":357},"66":{"loc":{"start":{"line":358,"column":35},"end":{"line":358,"column":52}},"type":"binary-expr","locations":[{"start":{"line":358,"column":35},"end":{"line":358,"column":47}},{"start":{"line":358,"column":51},"end":{"line":358,"column":52}}],"line":358},"67":{"loc":{"start":{"line":368,"column":2},"end":{"line":371,"column":3}},"type":"if","locations":[{"start":{"line":368,"column":2},"end":{"line":371,"column":3}},{"start":{},"end":{}}],"line":368},"68":{"loc":{"start":{"line":379,"column":2},"end":{"line":386,"column":3}},"type":"if","locations":[{"start":{"line":379,"column":2},"end":{"line":386,"column":3}},{"start":{},"end":{}}],"line":379},"69":{"loc":{"start":{"line":381,"column":4},"end":{"line":384,"column":5}},"type":"if","locations":[{"start":{"line":381,"column":4},"end":{"line":384,"column":5}},{"start":{},"end":{}}],"line":381},"70":{"loc":{"start":{"line":404,"column":4},"end":{"line":406,"column":5}},"type":"if","locations":[{"start":{"line":404,"column":4},"end":{"line":406,"column":5}},{"start":{},"end":{}}],"line":404},"71":{"loc":{"start":{"line":414,"column":32},"end":{"line":414,"column":45}},"type":"default-arg","locations":[{"start":{"line":414,"column":39},"end":{"line":414,"column":45}}],"line":414},"72":{"loc":{"start":{"line":416,"column":2},"end":{"line":416,"column":25}},"type":"if","locations":[{"start":{"line":416,"column":2},"end":{"line":416,"column":25}},{"start":{},"end":{}}],"line":416},"73":{"loc":{"start":{"line":422,"column":2},"end":{"line":425,"column":3}},"type":"if","locations":[{"start":{"line":422,"column":2},"end":{"line":425,"column":3}},{"start":{},"end":{}}],"line":422},"74":{"loc":{"start":{"line":422,"column":6},"end":{"line":422,"column":34}},"type":"binary-expr","locations":[{"start":{"line":422,"column":6},"end":{"line":422,"column":12}},{"start":{"line":422,"column":16},"end":{"line":422,"column":34}}],"line":422},"75":{"loc":{"start":{"line":438,"column":15},"end":{"line":438,"column":40}},"type":"binary-expr","locations":[{"start":{"line":438,"column":15},"end":{"line":438,"column":35}},{"start":{"line":438,"column":39},"end":{"line":438,"column":40}}],"line":438},"76":{"loc":{"start":{"line":438,"column":45},"end":{"line":438,"column":70}},"type":"binary-expr","locations":[{"start":{"line":438,"column":45},"end":{"line":438,"column":65}},{"start":{"line":438,"column":69},"end":{"line":438,"column":70}}],"line":438},"77":{"loc":{"start":{"line":452,"column":4},"end":{"line":452,"column":76}},"type":"binary-expr","locations":[{"start":{"line":452,"column":4},"end":{"line":452,"column":15}},{"start":{"line":452,"column":19},"end":{"line":452,"column":30}},{"start":{"line":452,"column":34},"end":{"line":452,"column":51}},{"start":{"line":452,"column":55},"end":{"line":452,"column":76}}],"line":452},"78":{"loc":{"start":{"line":457,"column":2},"end":{"line":457,"column":61}},"type":"if","locations":[{"start":{"line":457,"column":2},"end":{"line":457,"column":61}},{"start":{},"end":{}}],"line":457},"79":{"loc":{"start":{"line":458,"column":2},"end":{"line":458,"column":63}},"type":"if","locations":[{"start":{"line":458,"column":2},"end":{"line":458,"column":63}},{"start":{},"end":{}}],"line":458},"80":{"loc":{"start":{"line":462,"column":4},"end":{"line":462,"column":67}},"type":"binary-expr","locations":[{"start":{"line":462,"column":4},"end":{"line":462,"column":24}},{"start":{"line":462,"column":28},"end":{"line":462,"column":43}},{"start":{"line":462,"column":47},"end":{"line":462,"column":58}},{"start":{"line":462,"column":62},"end":{"line":462,"column":67}}],"line":462},"81":{"loc":{"start":{"line":463,"column":22},"end":{"line":463,"column":64}},"type":"cond-expr","locations":[{"start":{"line":463,"column":41},"end":{"line":463,"column":43}},{"start":{"line":463,"column":46},"end":{"line":463,"column":64}}],"line":463},"82":{"loc":{"start":{"line":464,"column":22},"end":{"line":464,"column":59}},"type":"cond-expr","locations":[{"start":{"line":464,"column":42},"end":{"line":464,"column":54}},{"start":{"line":464,"column":57},"end":{"line":464,"column":59}}],"line":464},"83":{"loc":{"start":{"line":465,"column":21},"end":{"line":465,"column":77}},"type":"cond-expr","locations":[{"start":{"line":465,"column":40},"end":{"line":465,"column":45}},{"start":{"line":465,"column":48},"end":{"line":465,"column":77}}],"line":465},"84":{"loc":{"start":{"line":468,"column":2},"end":{"line":471,"column":3}},"type":"if","locations":[{"start":{"line":468,"column":2},"end":{"line":471,"column":3}},{"start":{},"end":{}}],"line":468},"85":{"loc":{"start":{"line":470,"column":4},"end":{"line":470,"column":58}},"type":"if","locations":[{"start":{"line":470,"column":4},"end":{"line":470,"column":58}},{"start":{},"end":{}}],"line":470},"86":{"loc":{"start":{"line":475,"column":4},"end":{"line":475,"column":77}},"type":"binary-expr","locations":[{"start":{"line":475,"column":4},"end":{"line":475,"column":18}},{"start":{"line":475,"column":22},"end":{"line":475,"column":43}},{"start":{"line":475,"column":47},"end":{"line":475,"column":77}}],"line":475},"87":{"loc":{"start":{"line":477,"column":2},"end":{"line":480,"column":3}},"type":"if","locations":[{"start":{"line":477,"column":2},"end":{"line":480,"column":3}},{"start":{},"end":{}}],"line":477},"88":{"loc":{"start":{"line":484,"column":2},"end":{"line":486,"column":3}},"type":"if","locations":[{"start":{"line":484,"column":2},"end":{"line":486,"column":3}},{"start":{},"end":{}}],"line":484},"89":{"loc":{"start":{"line":484,"column":6},"end":{"line":484,"column":39}},"type":"binary-expr","locations":[{"start":{"line":484,"column":6},"end":{"line":484,"column":16}},{"start":{"line":484,"column":20},"end":{"line":484,"column":39}}],"line":484},"90":{"loc":{"start":{"line":490,"column":2},"end":{"line":492,"column":3}},"type":"if","locations":[{"start":{"line":490,"column":2},"end":{"line":492,"column":3}},{"start":{},"end":{}}],"line":490},"91":{"loc":{"start":{"line":490,"column":6},"end":{"line":490,"column":43}},"type":"binary-expr","locations":[{"start":{"line":490,"column":6},"end":{"line":490,"column":17}},{"start":{"line":490,"column":21},"end":{"line":490,"column":43}}],"line":490},"92":{"loc":{"start":{"line":496,"column":2},"end":{"line":498,"column":3}},"type":"if","locations":[{"start":{"line":496,"column":2},"end":{"line":498,"column":3}},{"start":{},"end":{}}],"line":496},"93":{"loc":{"start":{"line":496,"column":6},"end":{"line":496,"column":30}},"type":"binary-expr","locations":[{"start":{"line":496,"column":6},"end":{"line":496,"column":17}},{"start":{"line":496,"column":21},"end":{"line":496,"column":30}}],"line":496},"94":{"loc":{"start":{"line":502,"column":2},"end":{"line":505,"column":3}},"type":"if","locations":[{"start":{"line":502,"column":2},"end":{"line":505,"column":3}},{"start":{},"end":{}}],"line":502},"95":{"loc":{"start":{"line":502,"column":6},"end":{"line":502,"column":37}},"type":"binary-expr","locations":[{"start":{"line":502,"column":6},"end":{"line":502,"column":13}},{"start":{"line":502,"column":17},"end":{"line":502,"column":37}}],"line":502},"96":{"loc":{"start":{"line":515,"column":4},"end":{"line":524,"column":5}},"type":"if","locations":[{"start":{"line":515,"column":4},"end":{"line":524,"column":5}},{"start":{},"end":{}}],"line":515},"97":{"loc":{"start":{"line":515,"column":8},"end":{"line":515,"column":35}},"type":"binary-expr","locations":[{"start":{"line":515,"column":8},"end":{"line":515,"column":18}},{"start":{"line":515,"column":22},"end":{"line":515,"column":35}}],"line":515},"98":{"loc":{"start":{"line":519,"column":6},"end":{"line":523,"column":7}},"type":"if","locations":[{"start":{"line":519,"column":6},"end":{"line":523,"column":7}},{"start":{},"end":{}}],"line":519},"99":{"loc":{"start":{"line":521,"column":22},"end":{"line":521,"column":42}},"type":"binary-expr","locations":[{"start":{"line":521,"column":22},"end":{"line":521,"column":30}},{"start":{"line":521,"column":34},"end":{"line":521,"column":42}}],"line":521},"100":{"loc":{"start":{"line":530,"column":4},"end":{"line":539,"column":5}},"type":"if","locations":[{"start":{"line":530,"column":4},"end":{"line":539,"column":5}},{"start":{},"end":{}}],"line":530},"101":{"loc":{"start":{"line":530,"column":8},"end":{"line":530,"column":38}},"type":"binary-expr","locations":[{"start":{"line":530,"column":8},"end":{"line":530,"column":21}},{"start":{"line":530,"column":25},"end":{"line":530,"column":38}}],"line":530},"102":{"loc":{"start":{"line":534,"column":6},"end":{"line":538,"column":7}},"type":"if","locations":[{"start":{"line":534,"column":6},"end":{"line":538,"column":7}},{"start":{},"end":{}}],"line":534},"103":{"loc":{"start":{"line":536,"column":22},"end":{"line":536,"column":42}},"type":"binary-expr","locations":[{"start":{"line":536,"column":22},"end":{"line":536,"column":30}},{"start":{"line":536,"column":34},"end":{"line":536,"column":42}}],"line":536},"104":{"loc":{"start":{"line":547,"column":2},"end":{"line":547,"column":28}},"type":"if","locations":[{"start":{"line":547,"column":2},"end":{"line":547,"column":28}},{"start":{},"end":{}}],"line":547},"105":{"loc":{"start":{"line":550,"column":2},"end":{"line":554,"column":3}},"type":"if","locations":[{"start":{"line":550,"column":2},"end":{"line":554,"column":3}},{"start":{"line":552,"column":9},"end":{"line":554,"column":3}}],"line":550},"106":{"loc":{"start":{"line":552,"column":9},"end":{"line":554,"column":3}},"type":"if","locations":[{"start":{"line":552,"column":9},"end":{"line":554,"column":3}},{"start":{},"end":{}}],"line":552},"107":{"loc":{"start":{"line":556,"column":2},"end":{"line":575,"column":3}},"type":"if","locations":[{"start":{"line":556,"column":2},"end":{"line":575,"column":3}},{"start":{"line":570,"column":9},"end":{"line":575,"column":3}}],"line":556},"108":{"loc":{"start":{"line":558,"column":4},"end":{"line":564,"column":5}},"type":"if","locations":[{"start":{"line":558,"column":4},"end":{"line":564,"column":5}},{"start":{"line":561,"column":11},"end":{"line":564,"column":5}}],"line":558},"109":{"loc":{"start":{"line":561,"column":11},"end":{"line":564,"column":5}},"type":"if","locations":[{"start":{"line":561,"column":11},"end":{"line":564,"column":5}},{"start":{},"end":{}}],"line":561},"110":{"loc":{"start":{"line":582,"column":2},"end":{"line":582,"column":27}},"type":"if","locations":[{"start":{"line":582,"column":2},"end":{"line":582,"column":27}},{"start":{},"end":{}}],"line":582},"111":{"loc":{"start":{"line":588,"column":4},"end":{"line":612,"column":5}},"type":"if","locations":[{"start":{"line":588,"column":4},"end":{"line":612,"column":5}},{"start":{"line":604,"column":11},"end":{"line":612,"column":5}}],"line":588},"112":{"loc":{"start":{"line":589,"column":6},"end":{"line":589,"column":63}},"type":"if","locations":[{"start":{"line":589,"column":6},"end":{"line":589,"column":63}},{"start":{},"end":{}}],"line":589},"113":{"loc":{"start":{"line":602,"column":6},"end":{"line":602,"column":50}},"type":"if","locations":[{"start":{"line":602,"column":6},"end":{"line":602,"column":50}},{"start":{},"end":{}}],"line":602},"114":{"loc":{"start":{"line":603,"column":6},"end":{"line":603,"column":50}},"type":"if","locations":[{"start":{"line":603,"column":6},"end":{"line":603,"column":50}},{"start":{},"end":{}}],"line":603},"115":{"loc":{"start":{"line":605,"column":6},"end":{"line":605,"column":63}},"type":"if","locations":[{"start":{"line":605,"column":6},"end":{"line":605,"column":63}},{"start":{},"end":{}}],"line":605},"116":{"loc":{"start":{"line":610,"column":6},"end":{"line":610,"column":50}},"type":"if","locations":[{"start":{"line":610,"column":6},"end":{"line":610,"column":50}},{"start":{},"end":{}}],"line":610},"117":{"loc":{"start":{"line":611,"column":6},"end":{"line":611,"column":50}},"type":"if","locations":[{"start":{"line":611,"column":6},"end":{"line":611,"column":50}},{"start":{},"end":{}}],"line":611},"118":{"loc":{"start":{"line":622,"column":2},"end":{"line":622,"column":31}},"type":"if","locations":[{"start":{"line":622,"column":2},"end":{"line":622,"column":31}},{"start":{},"end":{}}],"line":622},"119":{"loc":{"start":{"line":627,"column":20},"end":{"line":627,"column":56}},"type":"binary-expr","locations":[{"start":{"line":627,"column":20},"end":{"line":627,"column":50}},{"start":{"line":627,"column":54},"end":{"line":627,"column":56}}],"line":627},"120":{"loc":{"start":{"line":629,"column":4},"end":{"line":637,"column":5}},"type":"if","locations":[{"start":{"line":629,"column":4},"end":{"line":637,"column":5}},{"start":{},"end":{}}],"line":629},"121":{"loc":{"start":{"line":644,"column":25},"end":{"line":644,"column":66}},"type":"binary-expr","locations":[{"start":{"line":644,"column":25},"end":{"line":644,"column":38}},{"start":{"line":644,"column":42},"end":{"line":644,"column":66}}],"line":644},"122":{"loc":{"start":{"line":646,"column":8},"end":{"line":646,"column":66}},"type":"binary-expr","locations":[{"start":{"line":646,"column":8},"end":{"line":646,"column":26}},{"start":{"line":646,"column":30},"end":{"line":646,"column":43}},{"start":{"line":646,"column":47},"end":{"line":646,"column":66}}],"line":646},"123":{"loc":{"start":{"line":651,"column":6},"end":{"line":653,"column":58}},"type":"if","locations":[{"start":{"line":651,"column":6},"end":{"line":653,"column":58}},{"start":{"line":652,"column":11},"end":{"line":653,"column":58}}],"line":651},"124":{"loc":{"start":{"line":652,"column":11},"end":{"line":653,"column":58}},"type":"if","locations":[{"start":{"line":652,"column":11},"end":{"line":653,"column":58}},{"start":{"line":653,"column":11},"end":{"line":653,"column":58}}],"line":652},"125":{"loc":{"start":{"line":653,"column":11},"end":{"line":653,"column":58}},"type":"if","locations":[{"start":{"line":653,"column":11},"end":{"line":653,"column":58}},{"start":{},"end":{}}],"line":653},"126":{"loc":{"start":{"line":657,"column":26},"end":{"line":657,"column":73}},"type":"cond-expr","locations":[{"start":{"line":657,"column":45},"end":{"line":657,"column":58}},{"start":{"line":657,"column":61},"end":{"line":657,"column":73}}],"line":657},"127":{"loc":{"start":{"line":658,"column":82},"end":{"line":658,"column":119}},"type":"cond-expr","locations":[{"start":{"line":658,"column":111},"end":{"line":658,"column":114}},{"start":{"line":658,"column":117},"end":{"line":658,"column":119}}],"line":658},"128":{"loc":{"start":{"line":663,"column":6},"end":{"line":663,"column":69}},"type":"if","locations":[{"start":{"line":663,"column":6},"end":{"line":663,"column":69}},{"start":{},"end":{}}],"line":663},"129":{"loc":{"start":{"line":664,"column":6},"end":{"line":664,"column":69}},"type":"if","locations":[{"start":{"line":664,"column":6},"end":{"line":664,"column":69}},{"start":{},"end":{}}],"line":664},"130":{"loc":{"start":{"line":665,"column":6},"end":{"line":665,"column":67}},"type":"if","locations":[{"start":{"line":665,"column":6},"end":{"line":665,"column":67}},{"start":{},"end":{}}],"line":665},"131":{"loc":{"start":{"line":691,"column":2},"end":{"line":699,"column":3}},"type":"if","locations":[{"start":{"line":691,"column":2},"end":{"line":699,"column":3}},{"start":{},"end":{}}],"line":691},"132":{"loc":{"start":{"line":691,"column":6},"end":{"line":691,"column":33}},"type":"binary-expr","locations":[{"start":{"line":691,"column":6},"end":{"line":691,"column":11}},{"start":{"line":691,"column":15},"end":{"line":691,"column":22}},{"start":{"line":691,"column":26},"end":{"line":691,"column":33}}],"line":691},"133":{"loc":{"start":{"line":706,"column":2},"end":{"line":710,"column":3}},"type":"if","locations":[{"start":{"line":706,"column":2},"end":{"line":710,"column":3}},{"start":{},"end":{}}],"line":706},"134":{"loc":{"start":{"line":708,"column":4},"end":{"line":708,"column":62}},"type":"if","locations":[{"start":{"line":708,"column":4},"end":{"line":708,"column":62}},{"start":{},"end":{}}],"line":708},"135":{"loc":{"start":{"line":726,"column":4},"end":{"line":726,"column":72}},"type":"if","locations":[{"start":{"line":726,"column":4},"end":{"line":726,"column":72}},{"start":{},"end":{}}],"line":726},"136":{"loc":{"start":{"line":738,"column":2},"end":{"line":738,"column":33}},"type":"if","locations":[{"start":{"line":738,"column":2},"end":{"line":738,"column":33}},{"start":{},"end":{}}],"line":738},"137":{"loc":{"start":{"line":744,"column":2},"end":{"line":748,"column":3}},"type":"if","locations":[{"start":{"line":744,"column":2},"end":{"line":748,"column":3}},{"start":{"line":746,"column":9},"end":{"line":748,"column":3}}],"line":744},"138":{"loc":{"start":{"line":746,"column":9},"end":{"line":748,"column":3}},"type":"if","locations":[{"start":{"line":746,"column":9},"end":{"line":748,"column":3}},{"start":{},"end":{}}],"line":746},"139":{"loc":{"start":{"line":752,"column":4},"end":{"line":752,"column":72}},"type":"binary-expr","locations":[{"start":{"line":752,"column":4},"end":{"line":752,"column":40}},{"start":{"line":752,"column":44},"end":{"line":752,"column":72}}],"line":752},"140":{"loc":{"start":{"line":753,"column":2},"end":{"line":753,"column":35}},"type":"if","locations":[{"start":{"line":753,"column":2},"end":{"line":753,"column":35}},{"start":{},"end":{}}],"line":753},"141":{"loc":{"start":{"line":771,"column":0},"end":{"line":790,"column":1}},"type":"if","locations":[{"start":{"line":771,"column":0},"end":{"line":790,"column":1}},{"start":{"line":775,"column":7},"end":{"line":790,"column":1}}],"line":771},"142":{"loc":{"start":{"line":777,"column":2},"end":{"line":785,"column":3}},"type":"if","locations":[{"start":{"line":777,"column":2},"end":{"line":785,"column":3}},{"start":{},"end":{}}],"line":777},"143":{"loc":{"start":{"line":778,"column":4},"end":{"line":784,"column":5}},"type":"if","locations":[{"start":{"line":778,"column":4},"end":{"line":784,"column":5}},{"start":{"line":781,"column":11},"end":{"line":784,"column":5}}],"line":778},"144":{"loc":{"start":{"line":796,"column":0},"end":{"line":822,"column":1}},"type":"if","locations":[{"start":{"line":796,"column":0},"end":{"line":822,"column":1}},{"start":{},"end":{}}],"line":796},"145":{"loc":{"start":{"line":796,"column":4},"end":{"line":796,"column":51}},"type":"binary-expr","locations":[{"start":{"line":796,"column":4},"end":{"line":796,"column":33}},{"start":{"line":796,"column":37},"end":{"line":796,"column":51}}],"line":796}},"s":{"0":1,"1":1,"2":1,"3":1,"4":10,"5":9,"6":0,"7":5,"8":2,"9":0,"10":2,"11":2,"12":0,"13":2,"14":9,"15":2,"16":7,"17":7,"18":7,"19":7,"20":7,"21":4,"22":3,"23":2,"24":1,"25":1,"26":1,"27":1,"28":0,"29":1,"30":7,"31":7,"32":7,"33":7,"34":7,"35":2,"36":2,"37":2,"38":2,"39":2,"40":5,"41":5,"42":2,"43":0,"44":2,"45":2,"46":2,"47":2,"48":0,"49":0,"50":2,"51":1,"52":3,"53":1,"54":1,"55":3,"56":0,"57":2,"58":2,"59":2,"60":2,"61":2,"62":2,"63":2,"64":2,"65":2,"66":0,"67":0,"68":0,"69":0,"70":2,"71":1,"72":1,"73":0,"74":1,"75":1,"76":1,"77":1,"78":1,"79":0,"80":0,"81":0,"82":2,"83":2,"84":0,"85":2,"86":2,"87":2,"88":2,"89":0,"90":0,"91":0,"92":0,"93":0,"94":0,"95":0,"96":0,"97":0,"98":0,"99":0,"100":0,"101":1,"102":1,"103":0,"104":1,"105":1,"106":1,"107":1,"108":1,"109":0,"110":1,"111":0,"112":0,"113":0,"114":0,"115":0,"116":0,"117":0,"118":0,"119":0,"120":0,"121":0,"122":0,"123":0,"124":0,"125":0,"126":0,"127":0,"128":0,"129":0,"130":0,"131":0,"132":0,"133":0,"134":0,"135":0,"136":0,"137":0,"138":0,"139":0,"140":0,"141":1,"142":1,"143":1,"144":0,"145":1,"146":0,"147":0,"148":0,"149":0,"150":0,"151":0,"152":0,"153":0,"154":0,"155":0,"156":0,"157":0,"158":1,"159":1,"160":0,"161":0,"162":1,"163":0,"164":1,"165":1,"166":0,"167":1,"168":0,"169":1,"170":3,"171":0,"172":0,"173":0,"174":0,"175":0,"176":0,"177":0,"178":0,"179":0,"180":0,"181":0,"182":0,"183":0,"184":0,"185":0,"186":0,"187":0,"188":0,"189":0,"190":0,"191":0,"192":0,"193":0,"194":0,"195":0,"196":0,"197":0,"198":0,"199":0,"200":0,"201":0,"202":1,"203":1,"204":4,"205":4,"206":4,"207":1,"208":1,"209":0,"210":1,"211":1,"212":1,"213":1,"214":1,"215":0,"216":0,"217":0,"218":0,"219":0,"220":0,"221":0,"222":0,"223":0,"224":0,"225":0,"226":0,"227":0,"228":0,"229":0,"230":0,"231":0,"232":0,"233":0,"234":0,"235":0,"236":0,"237":0,"238":0,"239":0,"240":0,"241":0,"242":0,"243":0,"244":0,"245":0,"246":0,"247":0,"248":0,"249":0,"250":0,"251":0,"252":0,"253":0,"254":0,"255":0,"256":0,"257":0,"258":0,"259":0,"260":0,"261":0,"262":0,"263":0,"264":0,"265":0,"266":0,"267":0,"268":0,"269":0,"270":0,"271":0,"272":0,"273":0,"274":0,"275":0,"276":0,"277":0,"278":0,"279":0,"280":0,"281":0,"282":0,"283":0,"284":0,"285":0,"286":0,"287":0,"288":0,"289":0,"290":0,"291":0,"292":0,"293":0,"294":0,"295":0,"296":0,"297":0,"298":0,"299":0,"300":0,"301":0,"302":0,"303":0,"304":0,"305":0,"306":0,"307":0,"308":0,"309":0,"310":0,"311":0,"312":0,"313":0,"314":0,"315":0,"316":0,"317":0,"318":0,"319":0,"320":0,"321":0,"322":0,"323":0,"324":0,"325":0,"326":0,"327":0,"328":0,"329":0,"330":0,"331":0,"332":0,"333":0,"334":0,"335":0,"336":0,"337":0,"338":0,"339":0,"340":0,"341":0,"342":0,"343":0,"344":0,"345":0,"346":0,"347":0,"348":0,"349":0,"350":0,"351":0,"352":0,"353":0,"354":0,"355":0,"356":0,"357":0,"358":0,"359":0,"360":0,"361":0,"362":0,"363":0,"364":0,"365":0,"366":0,"367":0,"368":0,"369":0,"370":0,"371":0,"372":0,"373":0,"374":0,"375":0,"376":0,"377":0,"378":0,"379":0,"380":0,"381":0,"382":0,"383":0,"384":0,"385":0,"386":0,"387":0,"388":0,"389":0,"390":0,"391":0,"392":0,"393":0,"394":0,"395":0,"396":0,"397":0,"398":0,"399":0,"400":0,"401":0,"402":1,"403":1,"404":1,"405":1,"406":0,"407":0,"408":0,"409":0,"410":0,"411":0,"412":0,"413":0,"414":0,"415":0,"416":0,"417":0,"418":0,"419":1,"420":1,"421":1,"422":1,"423":1,"424":0,"425":0,"426":1,"427":1,"428":0,"429":0,"430":1,"431":1,"432":1,"433":1,"434":1,"435":1},"f":{"0":10,"1":2,"2":2,"3":9,"4":7,"5":2,"6":7,"7":7,"8":2,"9":2,"10":3,"11":3,"12":2,"13":0,"14":1,"15":0,"16":2,"17":0,"18":1,"19":0,"20":0,"21":0,"22":0,"23":1,"24":0,"25":0,"26":1,"27":0,"28":1,"29":3,"30":0,"31":0,"32":0,"33":0,"34":0,"35":0,"36":0,"37":1,"38":4,"39":1,"40":0,"41":0,"42":0,"43":0,"44":0,"45":0,"46":0,"47":0,"48":0,"49":0,"50":0,"51":0,"52":0,"53":0,"54":0,"55":0,"56":0,"57":0,"58":1},"b":{"0":[0,5],"1":[0],"2":[0,2],"3":[0],"4":[0,2],"5":[2,7],"6":[4,3],"7":[7,5,4],"8":[0],"9":[1,1],"10":[2,2],"11":[0,1],"12":[7,0],"13":[0],"14":[2],"15":[2],"16":[2,0,0],"17":[2,0],"18":[2,2],"19":[0,2],"20":[2,2],"21":[2,0],"22":[1,1],"23":[1,0],"24":[1,1],"25":[0,2],"26":[2,1],"27":[2,0,0,0],"28":[2,1,1],"29":[0,0],"30":[0,0],"31":[0],"32":[0],"33":[0,1],"34":[0,1],"35":[1,0],"36":[1,1],"37":[0,1],"38":[0,2],"39":[2,0],"40":[0,0],"41":[0,1],"42":[0],"43":[0,0],"44":[0,0],"45":[0,0],"46":[0,0],"47":[0,0],"48":[0],"49":[0,0],"50":[0,0],"51":[0,1],"52":[1,1],"53":[0,0],"54":[0,0],"55":[0,0],"56":[0,0],"57":[0,0],"58":[0,1],"59":[1,1],"60":[0,1],"61":[1,1],"62":[0,0],"63":[0,0],"64":[0,0],"65":[0,0],"66":[0,0],"67":[0,0],"68":[0,0],"69":[0,0],"70":[4,0],"71":[0],"72":[0,1],"73":[1,0],"74":[1,1],"75":[0,0],"76":[0,0],"77":[0,0,0,0],"78":[0,0],"79":[0,0],"80":[0,0,0,0],"81":[0,0],"82":[0,0],"83":[0,0],"84":[0,0],"85":[0,0],"86":[0,0,0],"87":[0,0],"88":[0,0],"89":[0,0],"90":[0,0],"91":[0,0],"92":[0,0],"93":[0,0],"94":[0,0],"95":[0,0],"96":[0,0],"97":[0,0],"98":[0,0],"99":[0,0],"100":[0,0],"101":[0,0],"102":[0,0],"103":[0,0],"104":[0,0],"105":[0,0],"106":[0,0],"107":[0,0],"108":[0,0],"109":[0,0],"110":[0,0],"111":[0,0],"112":[0,0],"113":[0,0],"114":[0,0],"115":[0,0],"116":[0,0],"117":[0,0],"118":[0,0],"119":[0,0],"120":[0,0],"121":[0,0],"122":[0,0,0],"123":[0,0],"124":[0,0],"125":[0,0],"126":[0,0],"127":[0,0],"128":[0,0],"129":[0,0],"130":[0,0],"131":[0,0],"132":[0,0,0],"133":[0,0],"134":[0,0],"135":[0,0],"136":[1,0],"137":[0,0],"138":[0,0],"139":[0,0],"140":[0,0],"141":[0,1],"142":[1,0],"143":[0,1],"144":[1,0],"145":[1,1]},"_coverageSchema":"1a1c01bbd47fc00a2c39e90264f33305004495a9","hash":"edb28c8d588570866ea6de1313f3ae4aee96c39b"}
}
