TN:
SF:api.js
FN:19,apiRequest
FN:36,showLoading
FN:42,showError
FN:48,escapeHtml
FN:56,getRatingValue
FN:65,truncateText
FN:80,buildContentUrl
FN:88,getContent
FN:108,searchContent
FN:122,filterByType
FN:124,(anonymous_10)
FN:126,(anonymous_11)
FN:135,createMovieCard
FN:158,(anonymous_13)
FN:174,loadMovies
FN:196,(anonymous_15)
FN:205,updatePaginationDisplay
FN:224,(anonymous_17)
FN:233,showCurrentPage
FN:242,(anonymous_19)
FN:253,performSearch
FN:279,reloadSliderWithSearch
FN:295,(anonymous_22)
FN:300,setupSearch
FN:306,(anonymous_24)
FN:325,(anonymous_25)
FN:334,filterByYear
FN:337,(anonymous_27)
FN:340,filterByGenre
FN:342,(anonymous_29)
FN:343,(anonymous_30)
FN:347,filterByCountry
FN:349,(anonymous_32)
FN:350,(anonymous_33)
FN:356,filterByRating
FN:358,(anonymous_35)
FN:361,applyFilters
FN:395,autoFilter
FN:402,(anonymous_38)
FN:414,loadRandomMovies
FN:438,(anonymous_40)
FN:450,loadFilmInfo
FN:485,(anonymous_42)
FN:491,(anonymous_43)
FN:508,loadStaff
FN:517,(anonymous_45)
FN:521,(anonymous_46)
FN:532,(anonymous_47)
FN:536,(anonymous_48)
FN:545,loadTrailer
FN:578,loadFilmImages
FN:592,(anonymous_51)
FN:620,loadReviews
FN:640,(anonymous_53)
FN:686,setupPhotosSlider
FN:693,(anonymous_55)
FN:696,(anonymous_56)
FN:702,loadFilmPage
FN:734,checkSearchParam
FNF:59
FNH:24
FNDA:10,apiRequest
FNDA:2,showLoading
FNDA:2,showError
FNDA:9,escapeHtml
FNDA:7,getRatingValue
FNDA:2,truncateText
FNDA:7,buildContentUrl
FNDA:7,getContent
FNDA:2,searchContent
FNDA:2,filterByType
FNDA:3,(anonymous_10)
FNDA:3,(anonymous_11)
FNDA:2,createMovieCard
FNDA:0,(anonymous_13)
FNDA:1,loadMovies
FNDA:0,(anonymous_15)
FNDA:2,updatePaginationDisplay
FNDA:0,(anonymous_17)
FNDA:1,showCurrentPage
FNDA:0,(anonymous_19)
FNDA:0,performSearch
FNDA:0,reloadSliderWithSearch
FNDA:0,(anonymous_22)
FNDA:1,setupSearch
FNDA:0,(anonymous_24)
FNDA:0,(anonymous_25)
FNDA:1,filterByYear
FNDA:0,(anonymous_27)
FNDA:1,filterByGenre
FNDA:3,(anonymous_29)
FNDA:0,(anonymous_30)
FNDA:0,filterByCountry
FNDA:0,(anonymous_32)
FNDA:0,(anonymous_33)
FNDA:0,filterByRating
FNDA:0,(anonymous_35)
FNDA:0,applyFilters
FNDA:1,autoFilter
FNDA:4,(anonymous_38)
FNDA:1,loadRandomMovies
FNDA:0,(anonymous_40)
FNDA:0,loadFilmInfo
FNDA:0,(anonymous_42)
FNDA:0,(anonymous_43)
FNDA:0,loadStaff
FNDA:0,(anonymous_45)
FNDA:0,(anonymous_46)
FNDA:0,(anonymous_47)
FNDA:0,(anonymous_48)
FNDA:0,loadTrailer
FNDA:0,loadFilmImages
FNDA:0,(anonymous_51)
FNDA:0,loadReviews
FNDA:0,(anonymous_53)
FNDA:0,setupPhotosSlider
FNDA:0,(anonymous_55)
FNDA:0,(anonymous_56)
FNDA:0,loadFilmPage
FNDA:1,checkSearchParam
DA:5,1
DA:10,1
DA:11,1
DA:12,1
DA:20,10
DA:28,9
DA:29,0
DA:32,5
DA:37,2
DA:38,2
DA:43,2
DA:44,2
DA:49,9
DA:50,7
DA:51,7
DA:52,7
DA:57,7
DA:58,7
DA:59,4
DA:61,3
DA:66,2
DA:68,1
DA:69,1
DA:70,1
DA:71,0
DA:73,1
DA:81,7
DA:85,7
DA:89,7
DA:91,7
DA:92,7
DA:93,2
DA:96,2
DA:97,2
DA:98,2
DA:101,2
DA:103,5
DA:104,5
DA:109,2
DA:111,2
DA:113,2
DA:114,2
DA:115,2
DA:117,0
DA:118,0
DA:123,2
DA:124,3
DA:125,1
DA:126,3
DA:128,0
DA:136,2
DA:137,2
DA:139,2
DA:140,2
DA:141,2
DA:144,2
DA:146,2
DA:148,2
DA:158,2
DA:159,0
DA:160,0
DA:161,0
DA:163,0
DA:167,2
DA:175,1
DA:176,1
DA:178,1
DA:183,1
DA:185,1
DA:186,1
DA:192,1
DA:195,0
DA:196,0
DA:197,0
DA:206,2
DA:207,2
DA:209,2
DA:211,2
DA:212,2
DA:213,2
DA:216,0
DA:217,0
DA:219,0
DA:220,0
DA:221,0
DA:222,0
DA:224,0
DA:225,0
DA:226,0
DA:229,0
DA:234,1
DA:235,1
DA:237,1
DA:238,1
DA:239,1
DA:241,1
DA:242,1
DA:243,0
DA:246,1
DA:254,0
DA:255,0
DA:257,0
DA:258,0
DA:259,0
DA:262,0
DA:264,0
DA:265,0
DA:267,0
DA:268,0
DA:269,0
DA:270,0
DA:271,0
DA:274,0
DA:275,0
DA:276,0
DA:280,0
DA:281,0
DA:283,0
DA:285,0
DA:286,0
DA:288,0
DA:289,0
DA:291,0
DA:294,0
DA:295,0
DA:296,0
DA:301,1
DA:302,1
DA:304,1
DA:306,1
DA:307,0
DA:308,0
DA:310,0
DA:311,0
DA:313,0
DA:314,0
DA:315,0
DA:316,0
DA:317,0
DA:318,0
DA:321,0
DA:324,1
DA:325,1
DA:326,0
DA:335,1
DA:336,1
DA:337,1
DA:341,1
DA:342,1
DA:343,3
DA:348,0
DA:349,0
DA:350,0
DA:351,0
DA:357,0
DA:358,0
DA:362,0
DA:363,0
DA:364,0
DA:365,0
DA:368,0
DA:369,0
DA:370,0
DA:373,0
DA:374,0
DA:375,0
DA:376,0
DA:377,0
DA:379,0
DA:380,0
DA:381,0
DA:382,0
DA:385,0
DA:388,0
DA:389,0
DA:390,0
DA:392,0
DA:396,1
DA:402,1
DA:403,4
DA:404,4
DA:405,4
DA:415,1
DA:416,1
DA:418,1
DA:420,1
DA:422,1
DA:423,1
DA:424,1
DA:428,0
DA:431,0
DA:432,0
DA:433,0
DA:437,0
DA:438,0
DA:441,0
DA:442,0
DA:443,0
DA:452,0
DA:455,0
DA:456,0
DA:457,0
DA:458,0
DA:462,0
DA:463,0
DA:464,0
DA:465,0
DA:467,0
DA:468,0
DA:469,0
DA:470,0
DA:475,0
DA:476,0
DA:477,0
DA:478,0
DA:479,0
DA:483,0
DA:484,0
DA:485,0
DA:489,0
DA:490,0
DA:491,0
DA:495,0
DA:496,0
DA:497,0
DA:501,0
DA:502,0
DA:503,0
DA:504,0
DA:509,0
DA:510,0
DA:511,0
DA:514,0
DA:515,0
DA:516,0
DA:517,0
DA:519,0
DA:520,0
DA:521,0
DA:527,0
DA:530,0
DA:531,0
DA:532,0
DA:534,0
DA:535,0
DA:536,0
DA:541,0
DA:546,0
DA:547,0
DA:549,0
DA:550,0
DA:551,0
DA:552,0
DA:553,0
DA:556,0
DA:557,0
DA:558,0
DA:559,0
DA:560,0
DA:561,0
DA:562,0
DA:563,0
DA:566,0
DA:571,0
DA:579,0
DA:580,0
DA:582,0
DA:584,0
DA:585,0
DA:586,0
DA:588,0
DA:589,0
DA:591,0
DA:592,0
DA:593,0
DA:594,0
DA:595,0
DA:596,0
DA:600,0
DA:601,0
DA:602,0
DA:603,0
DA:605,0
DA:606,0
DA:608,0
DA:609,0
DA:610,0
DA:611,0
DA:614,0
DA:615,0
DA:621,0
DA:622,0
DA:624,0
DA:625,0
DA:626,0
DA:627,0
DA:629,0
DA:630,0
DA:636,0
DA:639,0
DA:640,0
DA:641,0
DA:642,0
DA:644,0
DA:646,0
DA:647,0
DA:649,0
DA:650,0
DA:651,0
DA:652,0
DA:653,0
DA:655,0
DA:656,0
DA:657,0
DA:658,0
DA:660,0
DA:662,0
DA:663,0
DA:664,0
DA:665,0
DA:667,0
DA:673,0
DA:676,0
DA:677,0
DA:687,0
DA:688,0
DA:689,0
DA:691,0
DA:692,0
DA:693,0
DA:694,0
DA:696,0
DA:697,0
DA:703,0
DA:704,0
DA:706,0
DA:707,0
DA:708,0
DA:709,0
DA:712,0
DA:713,0
DA:714,0
DA:715,0
DA:717,0
DA:718,0
DA:719,0
DA:720,0
DA:721,0
DA:722,0
DA:724,0
DA:725,0
DA:726,0
DA:735,1
DA:736,1
DA:738,1
DA:740,0
DA:741,0
DA:742,0
DA:744,0
DA:745,0
DA:746,0
DA:747,0
DA:752,0
DA:753,0
DA:756,0
DA:757,0
DA:759,0
DA:766,1
DA:767,1
DA:768,1
DA:769,1
DA:771,1
DA:773,0
DA:774,0
DA:777,1
DA:778,1
DA:779,0
DA:780,0
DA:782,1
DA:783,1
DA:788,1
DA:789,1
DA:796,1
DA:797,1
LF:384
LH:116
BRDA:28,0,0,0
BRDA:28,0,1,5
BRDA:36,1,0,0
BRDA:37,2,0,0
BRDA:37,2,1,2
BRDA:42,3,0,0
BRDA:43,4,0,0
BRDA:43,4,1,2
BRDA:49,5,0,2
BRDA:49,5,1,7
BRDA:58,6,0,4
BRDA:58,6,1,3
BRDA:58,7,0,7
BRDA:58,7,1,5
BRDA:58,7,2,4
BRDA:65,8,0,0
BRDA:66,9,0,1
BRDA:66,9,1,1
BRDA:66,10,0,2
BRDA:66,10,1,2
BRDA:70,11,0,0
BRDA:70,11,1,1
BRDA:85,12,0,7
BRDA:85,12,1,0
BRDA:88,13,0,0
BRDA:88,14,0,2
BRDA:88,15,0,2
BRDA:93,16,0,2
BRDA:93,16,1,0
BRDA:93,16,2,0
BRDA:96,17,0,2
BRDA:96,17,1,0
BRDA:96,18,0,2
BRDA:96,18,1,2
BRDA:109,19,0,0
BRDA:109,19,1,2
BRDA:109,20,0,2
BRDA:109,20,1,2
BRDA:115,21,0,2
BRDA:115,21,1,0
BRDA:123,22,0,1
BRDA:123,22,1,1
BRDA:125,23,0,1
BRDA:125,23,1,0
BRDA:140,24,0,1
BRDA:140,24,1,1
BRDA:141,25,0,0
BRDA:141,25,1,2
BRDA:141,26,0,2
BRDA:141,26,1,1
BRDA:144,27,0,2
BRDA:144,27,1,0
BRDA:144,27,2,0
BRDA:144,27,3,0
BRDA:146,28,0,2
BRDA:146,28,1,1
BRDA:146,28,2,1
BRDA:159,29,0,0
BRDA:159,29,1,0
BRDA:160,30,0,0
BRDA:160,30,1,0
BRDA:174,31,0,0
BRDA:174,32,0,0
BRDA:176,33,0,0
BRDA:176,33,1,1
BRDA:180,34,0,0
BRDA:180,34,1,1
BRDA:185,35,0,1
BRDA:185,35,1,0
BRDA:185,36,0,1
BRDA:185,36,1,1
BRDA:188,37,0,0
BRDA:188,37,1,1
BRDA:207,38,0,0
BRDA:207,38,1,2
BRDA:211,39,0,2
BRDA:211,39,1,0
BRDA:222,40,0,0
BRDA:222,40,1,0
BRDA:235,41,0,0
BRDA:235,41,1,1
BRDA:253,42,0,0
BRDA:255,43,0,0
BRDA:255,43,1,0
BRDA:257,44,0,0
BRDA:257,44,1,0
BRDA:257,45,0,0
BRDA:257,45,1,0
BRDA:267,46,0,0
BRDA:267,46,1,0
BRDA:270,47,0,0
BRDA:270,47,1,0
BRDA:279,48,0,0
BRDA:281,49,0,0
BRDA:281,49,1,0
BRDA:288,50,0,0
BRDA:288,50,1,0
BRDA:304,51,0,0
BRDA:304,51,1,1
BRDA:304,52,0,1
BRDA:304,52,1,1
BRDA:308,53,0,0
BRDA:308,53,1,0
BRDA:313,54,0,0
BRDA:313,54,1,0
BRDA:315,55,0,0
BRDA:315,55,1,0
BRDA:317,56,0,0
BRDA:317,56,1,0
BRDA:326,57,0,0
BRDA:326,57,1,0
BRDA:335,58,0,0
BRDA:335,58,1,1
BRDA:335,59,0,1
BRDA:335,59,1,1
BRDA:341,60,0,0
BRDA:341,60,1,1
BRDA:341,61,0,1
BRDA:341,61,1,1
BRDA:348,62,0,0
BRDA:348,62,1,0
BRDA:348,63,0,0
BRDA:348,63,1,0
BRDA:357,64,0,0
BRDA:357,64,1,0
BRDA:357,65,0,0
BRDA:357,65,1,0
BRDA:358,66,0,0
BRDA:358,66,1,0
BRDA:368,67,0,0
BRDA:368,67,1,0
BRDA:379,68,0,0
BRDA:379,68,1,0
BRDA:381,69,0,0
BRDA:381,69,1,0
BRDA:404,70,0,4
BRDA:404,70,1,0
BRDA:414,71,0,0
BRDA:416,72,0,0
BRDA:416,72,1,1
BRDA:422,73,0,1
BRDA:422,73,1,0
BRDA:422,74,0,1
BRDA:422,74,1,1
BRDA:438,75,0,0
BRDA:438,75,1,0
BRDA:438,76,0,0
BRDA:438,76,1,0
BRDA:452,77,0,0
BRDA:452,77,1,0
BRDA:452,77,2,0
BRDA:452,77,3,0
BRDA:457,78,0,0
BRDA:457,78,1,0
BRDA:458,79,0,0
BRDA:458,79,1,0
BRDA:462,80,0,0
BRDA:462,80,1,0
BRDA:462,80,2,0
BRDA:462,80,3,0
BRDA:463,81,0,0
BRDA:463,81,1,0
BRDA:464,82,0,0
BRDA:464,82,1,0
BRDA:465,83,0,0
BRDA:465,83,1,0
BRDA:468,84,0,0
BRDA:468,84,1,0
BRDA:470,85,0,0
BRDA:470,85,1,0
BRDA:475,86,0,0
BRDA:475,86,1,0
BRDA:475,86,2,0
BRDA:477,87,0,0
BRDA:477,87,1,0
BRDA:484,88,0,0
BRDA:484,88,1,0
BRDA:484,89,0,0
BRDA:484,89,1,0
BRDA:490,90,0,0
BRDA:490,90,1,0
BRDA:490,91,0,0
BRDA:490,91,1,0
BRDA:496,92,0,0
BRDA:496,92,1,0
BRDA:496,93,0,0
BRDA:496,93,1,0
BRDA:502,94,0,0
BRDA:502,94,1,0
BRDA:502,95,0,0
BRDA:502,95,1,0
BRDA:515,96,0,0
BRDA:515,96,1,0
BRDA:515,97,0,0
BRDA:515,97,1,0
BRDA:519,98,0,0
BRDA:519,98,1,0
BRDA:521,99,0,0
BRDA:521,99,1,0
BRDA:530,100,0,0
BRDA:530,100,1,0
BRDA:530,101,0,0
BRDA:530,101,1,0
BRDA:534,102,0,0
BRDA:534,102,1,0
BRDA:536,103,0,0
BRDA:536,103,1,0
BRDA:547,104,0,0
BRDA:547,104,1,0
BRDA:550,105,0,0
BRDA:550,105,1,0
BRDA:552,106,0,0
BRDA:552,106,1,0
BRDA:556,107,0,0
BRDA:556,107,1,0
BRDA:558,108,0,0
BRDA:558,108,1,0
BRDA:561,109,0,0
BRDA:561,109,1,0
BRDA:582,110,0,0
BRDA:582,110,1,0
BRDA:588,111,0,0
BRDA:588,111,1,0
BRDA:589,112,0,0
BRDA:589,112,1,0
BRDA:602,113,0,0
BRDA:602,113,1,0
BRDA:603,114,0,0
BRDA:603,114,1,0
BRDA:605,115,0,0
BRDA:605,115,1,0
BRDA:610,116,0,0
BRDA:610,116,1,0
BRDA:611,117,0,0
BRDA:611,117,1,0
BRDA:622,118,0,0
BRDA:622,118,1,0
BRDA:627,119,0,0
BRDA:627,119,1,0
BRDA:629,120,0,0
BRDA:629,120,1,0
BRDA:644,121,0,0
BRDA:644,121,1,0
BRDA:646,122,0,0
BRDA:646,122,1,0
BRDA:646,122,2,0
BRDA:651,123,0,0
BRDA:651,123,1,0
BRDA:652,124,0,0
BRDA:652,124,1,0
BRDA:653,125,0,0
BRDA:653,125,1,0
BRDA:657,126,0,0
BRDA:657,126,1,0
BRDA:658,127,0,0
BRDA:658,127,1,0
BRDA:663,128,0,0
BRDA:663,128,1,0
BRDA:664,129,0,0
BRDA:664,129,1,0
BRDA:665,130,0,0
BRDA:665,130,1,0
BRDA:691,131,0,0
BRDA:691,131,1,0
BRDA:691,132,0,0
BRDA:691,132,1,0
BRDA:691,132,2,0
BRDA:706,133,0,0
BRDA:706,133,1,0
BRDA:708,134,0,0
BRDA:708,134,1,0
BRDA:726,135,0,0
BRDA:726,135,1,0
BRDA:738,136,0,1
BRDA:738,136,1,0
BRDA:744,137,0,0
BRDA:744,137,1,0
BRDA:746,138,0,0
BRDA:746,138,1,0
BRDA:752,139,0,0
BRDA:752,139,1,0
BRDA:753,140,0,0
BRDA:753,140,1,0
BRDA:771,141,0,0
BRDA:771,141,1,1
BRDA:777,142,0,1
BRDA:777,142,1,0
BRDA:778,143,0,0
BRDA:778,143,1,1
BRDA:796,144,0,1
BRDA:796,144,1,0
BRDA:796,145,0,1
BRDA:796,145,1,1
BRF:293
BRH:68
end_of_record
